/Library/Java/JavaVirtualMachines/jdk1.8.0_45.jdk/Contents/Home/bin/java -ea -Didea.launcher.port=7534 "-Didea.launcher.bin.path=/Applications/IntelliJ IDEA.app/Contents/bin" -Didea.junit.sm_runner -Dfile.encoding=UTF-8 -classpath "/Applications/IntelliJ IDEA.app/Contents/lib/idea_rt.jar:/Applications/IntelliJ IDEA.app/Contents/plugins/junit/lib/junit-rt.jar:/Library/Java/JavaVirtualMachines/jdk1.8.0_45.jdk/Contents/Home/jre/lib/charsets.jar:/Library/Java/JavaVirtualMachines/jdk1.8.0_45.jdk/Contents/Home/jre/lib/deploy.jar:/Library/Java/JavaVirtualMachines/jdk1.8.0_45.jdk/Contents/Home/jre/lib/ext/cldrdata.jar:/Library/Java/JavaVirtualMachines/jdk1.8.0_45.jdk/Contents/Home/jre/lib/ext/dnsns.jar:/Library/Java/JavaVirtualMachines/jdk1.8.0_45.jdk/Contents/Home/jre/lib/ext/jfxrt.jar:/Library/Java/JavaVirtualMachines/jdk1.8.0_45.jdk/Contents/Home/jre/lib/ext/localedata.jar:/Library/Java/JavaVirtualMachines/jdk1.8.0_45.jdk/Contents/Home/jre/lib/ext/nashorn.jar:/Library/Java/JavaVirtualMachines/jdk1.8.0_45.jdk/Contents/Home/jre/lib/ext/sunec.jar:/Library/Java/JavaVirtualMachines/jdk1.8.0_45.jdk/Contents/Home/jre/lib/ext/sunjce_provider.jar:/Library/Java/JavaVirtualMachines/jdk1.8.0_45.jdk/Contents/Home/jre/lib/ext/sunpkcs11.jar:/Library/Java/JavaVirtualMachines/jdk1.8.0_45.jdk/Contents/Home/jre/lib/ext/zipfs.jar:/Library/Java/JavaVirtualMachines/jdk1.8.0_45.jdk/Contents/Home/jre/lib/javaws.jar:/Library/Java/JavaVirtualMachines/jdk1.8.0_45.jdk/Contents/Home/jre/lib/jce.jar:/Library/Java/JavaVirtualMachines/jdk1.8.0_45.jdk/Contents/Home/jre/lib/jfr.jar:/Library/Java/JavaVirtualMachines/jdk1.8.0_45.jdk/Contents/Home/jre/lib/jfxswt.jar:/Library/Java/JavaVirtualMachines/jdk1.8.0_45.jdk/Contents/Home/jre/lib/jsse.jar:/Library/Java/JavaVirtualMachines/jdk1.8.0_45.jdk/Contents/Home/jre/lib/management-agent.jar:/Library/Java/JavaVirtualMachines/jdk1.8.0_45.jdk/Contents/Home/jre/lib/plugin.jar:/Library/Java/JavaVirtualMachines/jdk1.8.0_45.jdk/Contents/Home/jre/lib/resources.jar:/Library/Java/JavaVirtualMachines/jdk1.8.0_45.jdk/Contents/Home/jre/lib/rt.jar:/Library/Java/JavaVirtualMachines/jdk1.8.0_45.jdk/Contents/Home/lib/ant-javafx.jar:/Library/Java/JavaVirtualMachines/jdk1.8.0_45.jdk/Contents/Home/lib/dt.jar:/Library/Java/JavaVirtualMachines/jdk1.8.0_45.jdk/Contents/Home/lib/javafx-mx.jar:/Library/Java/JavaVirtualMachines/jdk1.8.0_45.jdk/Contents/Home/lib/jconsole.jar:/Library/Java/JavaVirtualMachines/jdk1.8.0_45.jdk/Contents/Home/lib/packager.jar:/Library/Java/JavaVirtualMachines/jdk1.8.0_45.jdk/Contents/Home/lib/sa-jdi.jar:/Library/Java/JavaVirtualMachines/jdk1.8.0_45.jdk/Contents/Home/lib/tools.jar:/Library/Android/android-sdk-macosx:/Users/kennethlyon/IdeaProjects/TaskAssistant/app/target/test-classes:/Users/kennethlyon/IdeaProjects/TaskAssistant/app/target/classes:/Users/kennethlyon/.m2/repository/com/google/code/gson/gson/2.6.2/gson-2.6.2.jar:/Users/kennethlyon/.m2/repository/mysql/mysql-connector-java/5.1.38/mysql-connector-java-5.1.38.jar:/Users/kennethlyon/.m2/repository/javax/servlet/javax.servlet-api/3.1.0/javax.servlet-api-3.1.0.jar:/Users/kennethlyon/.m2/repository/com/google/appengine/appengine-api-1.0-sdk/1.9.32/appengine-api-1.0-sdk-1.9.32.jar:/Users/kennethlyon/.m2/repository/com/googlecode/json-simple/json-simple/1.1.1/json-simple-1.1.1.jar:/Users/kennethlyon/.m2/repository/junit/junit/4.10/junit-4.10.jar:/Users/kennethlyon/.m2/repository/org/hamcrest/hamcrest-core/1.1/hamcrest-core-1.1.jar:/Users/kennethlyon/.m2/repository/org/slf4j/slf4j-api/1.7.7/slf4j-api-1.7.7.jar:/Users/kennethlyon/.m2/repository/ch/qos/logback/logback-classic/1.1.2/logback-classic-1.1.2.jar:/Users/kennethlyon/.m2/repository/ch/qos/logback/logback-core/1.1.2/logback-core-1.1.2.jar:/Users/kennethlyon/.m2/repository/org/springframework/spring-test/4.2.5.RELEASE/spring-test-4.2.5.RELEASE.jar:/Users/kennethlyon/.m2/repository/org/springframework/spring-core/4.2.5.RELEASE/spring-core-4.2.5.RELEASE.jar:/Users/kennethlyon/.m2/repository/commons-logging/commons-logging/1.2/commons-logging-1.2.jar" com.intellij.rt.execution.application.AppMain com.intellij.rt.execution.junit.JUnitStarter -ideVersion5 api.v1.category.AddCategoryTest
22:25:00.260 [main] INFO  api.v1.category.CategoryApiHelper - Created JSONObject {"name":"Mikes work","description":"This is for all of the work Mike does","id":0,"taskIds":[0,1],"scheduleIds":[0,1,2],"userId":0}
22:25:00.302 [main] INFO  api.v1.category.CategoryApiHelper - Created JSONObject {"name":"Mikes home","description":"This is for all of the chores Mike never does","id":1,"taskIds":[2,3],"scheduleIds":[],"userId":0}
22:25:00.303 [main] INFO  api.v1.category.CategoryApiHelper - Created JSONObject {"name":"Mikes play","description":"This is for Mike's recreational stuff","id":2,"taskIds":[2,3],"scheduleIds":[],"userId":0}
22:25:00.303 [main] INFO  api.v1.category.CategoryApiHelper - Created JSONObject {"name":"Ken's work","description":"This is for all of the work Ken never does.","id":3,"taskIds":[4,5],"scheduleIds":[3,4,5],"userId":1}
22:25:00.303 [main] INFO  api.v1.category.CategoryApiHelper - Created JSONObject {"name":"ken's home","description":"This is for all of the chores Ken does.","id":4,"taskIds":[6,7],"scheduleIds":[],"userId":1}
22:25:00.303 [main] INFO  api.v1.category.CategoryApiHelper - Created JSONObject {"name":"Ken's play","description":"This is for the recreational stuff Ken does.","id":5,"taskIds":[6,7],"scheduleIds":[],"userId":1}
22:25:00.550 [main] INFO  api.v1.UnitTestHelper - Created request {"name":"Mikes work","description":"This is for all of the work Mike does","id":0,"taskIds":[0,1],"scheduleIds":[0,1,2],"userId":0}
22:25:00.550 [main] INFO  api.v1.UnitTestHelper - Created request {"name":"Mikes home","description":"This is for all of the chores Mike never does","id":1,"taskIds":[2,3],"scheduleIds":[],"userId":0}
22:25:00.550 [main] INFO  api.v1.UnitTestHelper - Created request {"name":"Mikes play","description":"This is for Mike's recreational stuff","id":2,"taskIds":[2,3],"scheduleIds":[],"userId":0}
22:25:00.551 [main] INFO  api.v1.UnitTestHelper - Created request {"name":"Ken's work","description":"This is for all of the work Ken never does.","id":3,"taskIds":[4,5],"scheduleIds":[3,4,5],"userId":1}
22:25:00.551 [main] INFO  api.v1.UnitTestHelper - Created request {"name":"ken's home","description":"This is for all of the chores Ken does.","id":4,"taskIds":[6,7],"scheduleIds":[],"userId":1}
22:25:00.551 [main] INFO  api.v1.UnitTestHelper - Created request {"name":"Ken's play","description":"This is for the recreational stuff Ken does.","id":5,"taskIds":[6,7],"scheduleIds":[],"userId":1}
22:25:00.551 [main] INFO  api.v1.category.CategoryApiHelper - Created JSONObject {"name":"Mikes work","description":"This category points to a Tasks that does not belong to Mike.","id":0,"taskIds":[4],"scheduleIds":[],"userId":0}
22:25:00.551 [main] INFO  api.v1.category.CategoryApiHelper - Created JSONObject {"name":"Mikes work","description":"This category points to Schedules that do not belong to Mike.","id":0,"taskIds":[],"scheduleIds":[4,5],"userId":0}
22:25:00.552 [main] INFO  api.v1.category.CategoryApiHelper - Created JSONObject {"name":"","description":"This category has no name.","id":1,"taskIds":[2,3],"scheduleIds":[],"userId":0}
22:25:00.552 [main] INFO  api.v1.category.CategoryApiHelper - Created JSONObject {"name":"MH recreation","description":"This Category points to tasks that do not exist.","id":2,"taskIds":[2000,-3],"scheduleIds":[],"userId":0}
22:25:00.552 [main] INFO  api.v1.category.CategoryApiHelper - Created JSONObject {"name":"MH recreation","description":"This Category points to tasks that do not exist.","id":2,"taskIds":[-3,2000],"scheduleIds":[],"userId":0}
22:25:00.552 [main] INFO  api.v1.UnitTestHelper - Created request {"name":"Mikes work","description":"This category points to a Tasks that does not belong to Mike.","id":0,"taskIds":[4],"scheduleIds":[],"userId":0}
22:25:00.555 [main] INFO  api.v1.UnitTestHelper - Created request {"name":"Mikes work","description":"This category points to Schedules that do not belong to Mike.","id":0,"taskIds":[],"scheduleIds":[4,5],"userId":0}
22:25:00.556 [main] INFO  api.v1.UnitTestHelper - Created request {"name":"","description":"This category has no name.","id":1,"taskIds":[2,3],"scheduleIds":[],"userId":0}
22:25:00.557 [main] INFO  api.v1.UnitTestHelper - Created request {"name":"MH recreation","description":"This Category points to tasks that do not exist.","id":2,"taskIds":[2000,-3],"scheduleIds":[],"userId":0}
22:25:00.557 [main] INFO  api.v1.UnitTestHelper - Created request {"name":"MH recreation","description":"This Category points to tasks that do not exist.","id":2,"taskIds":[-3,2000],"scheduleIds":[],"userId":0}
22:25:00.790 [main] DEBUG api.v1.AuthRequestHandler - TaskList owner id: 0
22:25:00.790 [main] DEBUG api.v1.AuthRequestHandler - User id: 0
22:25:00.799 [main] DEBUG api.v1.repo.CategoryRepository - Here we are adding the Category: {"id":0,"userId":0,"name":"Mikes work","description":"This is for all of the work Mike does","taskIds":[0,1],"scheduleIds":[0,1,2]}
22:25:00.805 [main] INFO  api.v1.UnitTestHelper - response={"Category":"{\"id\":0,\"userId\":0,\"name\":\"Mikes work\",\"description\":\"This is for all of the work Mike does\",\"taskIds\":[0,1],\"scheduleIds\":[0,1,2]}","success":true}

22:25:00.816 [main] INFO  api.v1.UnitTestHelper - Success value returned to the caller as: true


22:25:00.816 [main] INFO  api.v1.category.AddCategoryTest - Completed 795372831



22:25:00.819 [main] DEBUG api.v1.AuthRequestHandler - TaskList owner id: 0
22:25:00.819 [main] DEBUG api.v1.AuthRequestHandler - User id: 0
22:25:00.821 [main] DEBUG api.v1.repo.CategoryRepository - Here we are adding the Category: {"id":1,"userId":0,"name":"Mikes home","description":"This is for all of the chores Mike never does","taskIds":[2,3],"scheduleIds":[]}
22:25:00.822 [main] INFO  api.v1.UnitTestHelper - response={"Category":"{\"id\":1,\"userId\":0,\"name\":\"Mikes home\",\"description\":\"This is for all of the chores Mike never does\",\"taskIds\":[2,3],\"scheduleIds\":[]}","success":true}

22:25:00.823 [main] INFO  api.v1.UnitTestHelper - Success value returned to the caller as: true


22:25:00.823 [main] INFO  api.v1.category.AddCategoryTest - Completed 1072601481



22:25:00.824 [main] DEBUG api.v1.AuthRequestHandler - TaskList owner id: 0
22:25:00.824 [main] DEBUG api.v1.AuthRequestHandler - User id: 0
22:25:00.831 [main] DEBUG api.v1.repo.CategoryRepository - Here we are adding the Category: {"id":2,"userId":0,"name":"Mikes play","description":"This is for Mike\u0027s recreational stuff","taskIds":[2,3],"scheduleIds":[]}
22:25:00.834 [main] INFO  api.v1.UnitTestHelper - response={"Category":"{\"id\":2,\"userId\":0,\"name\":\"Mikes play\",\"description\":\"This is for Mike\\u0027s recreational stuff\",\"taskIds\":[2,3],\"scheduleIds\":[]}","success":true}

22:25:00.834 [main] INFO  api.v1.UnitTestHelper - Success value returned to the caller as: true


22:25:00.834 [main] INFO  api.v1.category.AddCategoryTest - Completed 121295574



22:25:00.835 [main] DEBUG api.v1.AuthRequestHandler - TaskList owner id: 1
22:25:00.836 [main] DEBUG api.v1.AuthRequestHandler - User id: 1
22:25:00.836 [main] DEBUG api.v1.repo.CategoryRepository - Here we are adding the Category: {"id":3,"userId":1,"name":"Ken\u0027s work","description":"This is for all of the work Ken never does.","taskIds":[4,5],"scheduleIds":[3,4,5]}
22:25:00.837 [main] INFO  api.v1.UnitTestHelper - response={"Category":"{\"id\":3,\"userId\":1,\"name\":\"Ken\\u0027s work\",\"description\":\"This is for all of the work Ken never does.\",\"taskIds\":[4,5],\"scheduleIds\":[3,4,5]}","success":true}

22:25:00.838 [main] INFO  api.v1.UnitTestHelper - Success value returned to the caller as: true


22:25:00.838 [main] INFO  api.v1.category.AddCategoryTest - Completed 1887813102



22:25:00.841 [main] DEBUG api.v1.AuthRequestHandler - TaskList owner id: 1
22:25:00.841 [main] DEBUG api.v1.AuthRequestHandler - User id: 1
22:25:00.841 [main] DEBUG api.v1.repo.CategoryRepository - Here we are adding the Category: {"id":4,"userId":1,"name":"ken\u0027s home","description":"This is for all of the chores Ken does.","taskIds":[6,7],"scheduleIds":[]}
22:25:00.842 [main] INFO  api.v1.UnitTestHelper - response={"Category":"{\"id\":4,\"userId\":1,\"name\":\"ken\\u0027s home\",\"description\":\"This is for all of the chores Ken does.\",\"taskIds\":[6,7],\"scheduleIds\":[]}","success":true}

22:25:00.842 [main] INFO  api.v1.UnitTestHelper - Success value returned to the caller as: true


22:25:00.843 [main] INFO  api.v1.category.AddCategoryTest - Completed 485041780



22:25:00.847 [main] DEBUG api.v1.AuthRequestHandler - TaskList owner id: 1
22:25:00.848 [main] DEBUG api.v1.AuthRequestHandler - User id: 1
22:25:00.848 [main] DEBUG api.v1.repo.CategoryRepository - Here we are adding the Category: {"id":5,"userId":1,"name":"Ken\u0027s play","description":"This is for the recreational stuff Ken does.","taskIds":[6,7],"scheduleIds":[]}
22:25:00.850 [main] INFO  api.v1.UnitTestHelper - response={"Category":"{\"id\":5,\"userId\":1,\"name\":\"Ken\\u0027s play\",\"description\":\"This is for the recreational stuff Ken does.\",\"taskIds\":[6,7],\"scheduleIds\":[]}","success":true}

22:25:00.850 [main] INFO  api.v1.UnitTestHelper - Success value returned to the caller as: true


22:25:00.850 [main] INFO  api.v1.category.AddCategoryTest - Completed 1459672753



22:25:00.851 [main] DEBUG api.v1.AuthRequestHandler - TaskList owner id: 1
22:25:00.851 [main] DEBUG api.v1.AuthRequestHandler - User id: 0
22:25:00.875 [main] ERROR api.v1.category.AddCategory - An error occurred while handling an AddCategory  Request: {"name":"Mikes work","description":"This category points to a Tasks that does not belong to Mike.","id":0,"taskIds":[4],"scheduleIds":[],"userId":0}.
api.v1.error.BusinessException: This task cannot be accessed by the specified user.  {id: 0, email: mikehedden@gmail.com}
				at api.v1.AuthRequestHandler.throwObjectOwnershipError(AuthRequestHandler.java:136) ~[classes/:na]
				at api.v1.AuthRequestHandler.verifyTaskPrivileges(AuthRequestHandler.java:126) ~[classes/:na]
				at api.v1.category.AddCategory.doPost(AddCategory.java:57) ~[classes/:na]
				at api.v1.category.AddCategoryTest.doPost(AddCategoryTest.java:152) [test-classes/:na]
				at sun.reflect.NativeMethodAccessorImpl.invoke0(Native Method) ~[na:1.8.0_45]
				at sun.reflect.NativeMethodAccessorImpl.invoke(NativeMethodAccessorImpl.java:62) ~[na:1.8.0_45]
				at sun.reflect.DelegatingMethodAccessorImpl.invoke(DelegatingMethodAccessorImpl.java:43) ~[na:1.8.0_45]
				at java.lang.reflect.Method.invoke(Method.java:497) ~[na:1.8.0_45]
				at org.junit.runners.model.FrameworkMethod$1.runReflectiveCall(FrameworkMethod.java:45) [junit-4.10.jar:na]
				at org.junit.internal.runners.model.ReflectiveCallable.run(ReflectiveCallable.java:15) [junit-4.10.jar:na]
				at org.junit.runners.model.FrameworkMethod.invokeExplosively(FrameworkMethod.java:42) [junit-4.10.jar:na]
				at org.junit.internal.runners.statements.InvokeMethod.evaluate(InvokeMethod.java:20) [junit-4.10.jar:na]
				at org.junit.internal.runners.statements.RunBefores.evaluate(RunBefores.java:28) [junit-4.10.jar:na]
				at org.junit.internal.runners.statements.RunAfters.evaluate(RunAfters.java:30) [junit-4.10.jar:na]
				at org.junit.runners.ParentRunner.runLeaf(ParentRunner.java:263) [junit-4.10.jar:na]
				at org.junit.runners.BlockJUnit4ClassRunner.runChild(BlockJUnit4ClassRunner.java:68) [junit-4.10.jar:na]
				at org.junit.runners.BlockJUnit4ClassRunner.runChild(BlockJUnit4ClassRunner.java:47) [junit-4.10.jar:na]
				at org.junit.runners.ParentRunner$3.run(ParentRunner.java:231) [junit-4.10.jar:na]
				at org.junit.runners.ParentRunner$1.schedule(ParentRunner.java:60) [junit-4.10.jar:na]
				at org.junit.runners.ParentRunner.runChildren(ParentRunner.java:229) [junit-4.10.jar:na]
				at org.junit.runners.ParentRunner.access$000(ParentRunner.java:50) [junit-4.10.jar:na]
				at org.junit.runners.ParentRunner$2.evaluate(ParentRunner.java:222) [junit-4.10.jar:na]
				at org.junit.runners.ParentRunner.run(ParentRunner.java:300) [junit-4.10.jar:na]
				at org.junit.runner.JUnitCore.run(JUnitCore.java:157) [junit-4.10.jar:na]
				at com.intellij.junit4.JUnit4IdeaTestRunner.startRunnerWithArgs(JUnit4IdeaTestRunner.java:117) [junit-rt.jar:na]
				at com.intellij.junit4.JUnit4IdeaTestRunner.startRunnerWithArgs(JUnit4IdeaTestRunner.java:42) [junit-rt.jar:na]
				at com.intellij.rt.execution.junit.JUnitStarter.prepareStreamsAndStart(JUnitStarter.java:253) [junit-rt.jar:na]
				at com.intellij.rt.execution.junit.JUnitStarter.main(JUnitStarter.java:84) [junit-rt.jar:na]
				at sun.reflect.NativeMethodAccessorImpl.invoke0(Native Method) ~[na:1.8.0_45]
				at sun.reflect.NativeMethodAccessorImpl.invoke(NativeMethodAccessorImpl.java:62) ~[na:1.8.0_45]
				at sun.reflect.DelegatingMethodAccessorImpl.invoke(DelegatingMethodAccessorImpl.java:43) ~[na:1.8.0_45]
				at java.lang.reflect.Method.invoke(Method.java:497) ~[na:1.8.0_45]
				at com.intellij.rt.execution.application.AppMain.main(AppMain.java:147) [idea_rt.jar:na]
22:25:00.877 [main] DEBUG api.v1.repo.CategoryRepository - Here we are deleting the Category: {"id":0,"userId":0,"name":"Mikes work","description":"This category points to a Tasks that does not belong to Mike.","taskIds":[4],"scheduleIds":[]}
22:25:00.877 [main] INFO  api.v1.UnitTestHelper - response={"error":{"msg":"Error. This task cannot be accessed by the specified user.  {id: 0, email: mikehedden@gmail.com}","code":1010}}

22:25:00.878 [main] INFO  api.v1.UnitTestHelper - Response contained the error: code=1010, msg=Error. This task cannot be accessed by the specified user.  {id: 0, email: mikehedden@gmail.com}
22:25:00.879 [main] INFO  api.v1.category.AddCategoryTest - Completed 13329486



22:25:00.886 [main] ERROR api.v1.category.AddCategory - An error occurred while handling an AddCategory  Request: {"name":"Mikes work","description":"This category points to Schedules that do not belong to Mike.","id":0,"taskIds":[],"scheduleIds":[4,5],"userId":0}.
api.v1.error.BusinessException: This schedule cannot be accessed by the specified user.  {id: 0, email: mikehedden@gmail.com}
				at api.v1.AuthRequestHandler.throwObjectOwnershipError(AuthRequestHandler.java:136) ~[classes/:na]
				at api.v1.AuthRequestHandler.verifySchedulePrivileges(AuthRequestHandler.java:156) ~[classes/:na]
				at api.v1.category.AddCategory.doPost(AddCategory.java:58) ~[classes/:na]
				at api.v1.category.AddCategoryTest.doPost(AddCategoryTest.java:152) [test-classes/:na]
				at sun.reflect.NativeMethodAccessorImpl.invoke0(Native Method) ~[na:1.8.0_45]
				at sun.reflect.NativeMethodAccessorImpl.invoke(NativeMethodAccessorImpl.java:62) ~[na:1.8.0_45]
				at sun.reflect.DelegatingMethodAccessorImpl.invoke(DelegatingMethodAccessorImpl.java:43) ~[na:1.8.0_45]
				at java.lang.reflect.Method.invoke(Method.java:497) ~[na:1.8.0_45]
				at org.junit.runners.model.FrameworkMethod$1.runReflectiveCall(FrameworkMethod.java:45) [junit-4.10.jar:na]
				at org.junit.internal.runners.model.ReflectiveCallable.run(ReflectiveCallable.java:15) [junit-4.10.jar:na]
				at org.junit.runners.model.FrameworkMethod.invokeExplosively(FrameworkMethod.java:42) [junit-4.10.jar:na]
				at org.junit.internal.runners.statements.InvokeMethod.evaluate(InvokeMethod.java:20) [junit-4.10.jar:na]
				at org.junit.internal.runners.statements.RunBefores.evaluate(RunBefores.java:28) [junit-4.10.jar:na]
				at org.junit.internal.runners.statements.RunAfters.evaluate(RunAfters.java:30) [junit-4.10.jar:na]
				at org.junit.runners.ParentRunner.runLeaf(ParentRunner.java:263) [junit-4.10.jar:na]
				at org.junit.runners.BlockJUnit4ClassRunner.runChild(BlockJUnit4ClassRunner.java:68) [junit-4.10.jar:na]
				at org.junit.runners.BlockJUnit4ClassRunner.runChild(BlockJUnit4ClassRunner.java:47) [junit-4.10.jar:na]
				at org.junit.runners.ParentRunner$3.run(ParentRunner.java:231) [junit-4.10.jar:na]
				at org.junit.runners.ParentRunner$1.schedule(ParentRunner.java:60) [junit-4.10.jar:na]
				at org.junit.runners.ParentRunner.runChildren(ParentRunner.java:229) [junit-4.10.jar:na]
				at org.junit.runners.ParentRunner.access$000(ParentRunner.java:50) [junit-4.10.jar:na]
				at org.junit.runners.ParentRunner$2.evaluate(ParentRunner.java:222) [junit-4.10.jar:na]
				at org.junit.runners.ParentRunner.run(ParentRunner.java:300) [junit-4.10.jar:na]
				at org.junit.runner.JUnitCore.run(JUnitCore.java:157) [junit-4.10.jar:na]
				at com.intellij.junit4.JUnit4IdeaTestRunner.startRunnerWithArgs(JUnit4IdeaTestRunner.java:117) [junit-rt.jar:na]
				at com.intellij.junit4.JUnit4IdeaTestRunner.startRunnerWithArgs(JUnit4IdeaTestRunner.java:42) [junit-rt.jar:na]
				at com.intellij.rt.execution.junit.JUnitStarter.prepareStreamsAndStart(JUnitStarter.java:253) [junit-rt.jar:na]
				at com.intellij.rt.execution.junit.JUnitStarter.main(JUnitStarter.java:84) [junit-rt.jar:na]
				at sun.reflect.NativeMethodAccessorImpl.invoke0(Native Method) ~[na:1.8.0_45]
				at sun.reflect.NativeMethodAccessorImpl.invoke(NativeMethodAccessorImpl.java:62) ~[na:1.8.0_45]
				at sun.reflect.DelegatingMethodAccessorImpl.invoke(DelegatingMethodAccessorImpl.java:43) ~[na:1.8.0_45]
				at java.lang.reflect.Method.invoke(Method.java:497) ~[na:1.8.0_45]
				at com.intellij.rt.execution.application.AppMain.main(AppMain.java:147) [idea_rt.jar:na]
22:25:00.887 [main] DEBUG api.v1.repo.CategoryRepository - Here we are deleting the Category: {"id":0,"userId":0,"name":"Mikes work","description":"This category points to Schedules that do not belong to Mike.","taskIds":[],"scheduleIds":[4,5]}
22:25:00.889 [main] ERROR api.v1.category.AddCategory - Could not remove this category from the categoryRepository. 
api.v1.error.BusinessException:  Category not found. ID=0
				 at api.v1.repo.CategoryRepository.delete(CategoryRepository.java:85) ~[classes/:na]
				 at api.v1.category.AddCategory.cleanUp(AddCategory.java:104) [classes/:na]
				 at api.v1.category.AddCategory.doPost(AddCategory.java:89) [classes/:na]
				 at api.v1.category.AddCategoryTest.doPost(AddCategoryTest.java:152) [test-classes/:na]
				 at sun.reflect.NativeMethodAccessorImpl.invoke0(Native Method) ~[na:1.8.0_45]
				 at sun.reflect.NativeMethodAccessorImpl.invoke(NativeMethodAccessorImpl.java:62) ~[na:1.8.0_45]
				 at sun.reflect.DelegatingMethodAccessorImpl.invoke(DelegatingMethodAccessorImpl.java:43) ~[na:1.8.0_45]
				 at java.lang.reflect.Method.invoke(Method.java:497) ~[na:1.8.0_45]
				 at org.junit.runners.model.FrameworkMethod$1.runReflectiveCall(FrameworkMethod.java:45) [junit-4.10.jar:na]
				 at org.junit.internal.runners.model.ReflectiveCallable.run(ReflectiveCallable.java:15) [junit-4.10.jar:na]
				 at org.junit.runners.model.FrameworkMethod.invokeExplosively(FrameworkMethod.java:42) [junit-4.10.jar:na]
				 at org.junit.internal.runners.statements.InvokeMethod.evaluate(InvokeMethod.java:20) [junit-4.10.jar:na]
				 at org.junit.internal.runners.statements.RunBefores.evaluate(RunBefores.java:28) [junit-4.10.jar:na]
				 at org.junit.internal.runners.statements.RunAfters.evaluate(RunAfters.java:30) [junit-4.10.jar:na]
				 at org.junit.runners.ParentRunner.runLeaf(ParentRunner.java:263) [junit-4.10.jar:na]
				 at org.junit.runners.BlockJUnit4ClassRunner.runChild(BlockJUnit4ClassRunner.java:68) [junit-4.10.jar:na]
				 at org.junit.runners.BlockJUnit4ClassRunner.runChild(BlockJUnit4ClassRunner.java:47) [junit-4.10.jar:na]
				 at org.junit.runners.ParentRunner$3.run(ParentRunner.java:231) [junit-4.10.jar:na]
				 at org.junit.runners.ParentRunner$1.schedule(ParentRunner.java:60) [junit-4.10.jar:na]
				 at org.junit.runners.ParentRunner.runChildren(ParentRunner.java:229) [junit-4.10.jar:na]
				 at org.junit.runners.ParentRunner.access$000(ParentRunner.java:50) [junit-4.10.jar:na]
				 at org.junit.runners.ParentRunner$2.evaluate(ParentRunner.java:222) [junit-4.10.jar:na]
				 at org.junit.runners.ParentRunner.run(ParentRunner.java:300) [junit-4.10.jar:na]
				 at org.junit.runner.JUnitCore.run(JUnitCore.java:157) [junit-4.10.jar:na]
				 at com.intellij.junit4.JUnit4IdeaTestRunner.startRunnerWithArgs(JUnit4IdeaTestRunner.java:117) [junit-rt.jar:na]
				 at com.intellij.junit4.JUnit4IdeaTestRunner.startRunnerWithArgs(JUnit4IdeaTestRunner.java:42) [junit-rt.jar:na]
				 at com.intellij.rt.execution.junit.JUnitStarter.prepareStreamsAndStart(JUnitStarter.java:253) [junit-rt.jar:na]
				 at com.intellij.rt.execution.junit.JUnitStarter.main(JUnitStarter.java:84) [junit-rt.jar:na]
				 at sun.reflect.NativeMethodAccessorImpl.invoke0(Native Method) ~[na:1.8.0_45]
				 at sun.reflect.NativeMethodAccessorImpl.invoke(NativeMethodAccessorImpl.java:62) ~[na:1.8.0_45]
				 at sun.reflect.DelegatingMethodAccessorImpl.invoke(DelegatingMethodAccessorImpl.java:43) ~[na:1.8.0_45]
				 at java.lang.reflect.Method.invoke(Method.java:497) ~[na:1.8.0_45]
				 at com.intellij.rt.execution.application.AppMain.main(AppMain.java:147) [idea_rt.jar:na]
22:25:00.890 [main] INFO  api.v1.UnitTestHelper - response={"error":{"msg":"Error. This schedule cannot be accessed by the specified user.  {id: 0, email: mikehedden@gmail.com}","code":1010}}

22:25:00.890 [main] INFO  api.v1.UnitTestHelper - Response contained the error: code=1010, msg=Error. This schedule cannot be accessed by the specified user.  {id: 0, email: mikehedden@gmail.com}
22:25:00.890 [main] INFO  api.v1.category.AddCategoryTest - Completed 1164371389



22:25:00.892 [main] ERROR api.v1.category.AddCategory - An error occurred while handling an AddCategory  Request: {"name":"","description":"This category has no name.","id":1,"taskIds":[2,3],"scheduleIds":[],"userId":0}.
api.v1.error.BusinessException: The Category name cannot be empty.
				at api.v1.category.AddCategory.doPost(AddCategory.java:54) ~[classes/:na]
				at api.v1.category.AddCategoryTest.doPost(AddCategoryTest.java:152) [test-classes/:na]
				at sun.reflect.NativeMethodAccessorImpl.invoke0(Native Method) ~[na:1.8.0_45]
				at sun.reflect.NativeMethodAccessorImpl.invoke(NativeMethodAccessorImpl.java:62) ~[na:1.8.0_45]
				at sun.reflect.DelegatingMethodAccessorImpl.invoke(DelegatingMethodAccessorImpl.java:43) ~[na:1.8.0_45]
				at java.lang.reflect.Method.invoke(Method.java:497) ~[na:1.8.0_45]
				at org.junit.runners.model.FrameworkMethod$1.runReflectiveCall(FrameworkMethod.java:45) [junit-4.10.jar:na]
				at org.junit.internal.runners.model.ReflectiveCallable.run(ReflectiveCallable.java:15) [junit-4.10.jar:na]
				at org.junit.runners.model.FrameworkMethod.invokeExplosively(FrameworkMethod.java:42) [junit-4.10.jar:na]
				at org.junit.internal.runners.statements.InvokeMethod.evaluate(InvokeMethod.java:20) [junit-4.10.jar:na]
				at org.junit.internal.runners.statements.RunBefores.evaluate(RunBefores.java:28) [junit-4.10.jar:na]
				at org.junit.internal.runners.statements.RunAfters.evaluate(RunAfters.java:30) [junit-4.10.jar:na]
				at org.junit.runners.ParentRunner.runLeaf(ParentRunner.java:263) [junit-4.10.jar:na]
				at org.junit.runners.BlockJUnit4ClassRunner.runChild(BlockJUnit4ClassRunner.java:68) [junit-4.10.jar:na]
				at org.junit.runners.BlockJUnit4ClassRunner.runChild(BlockJUnit4ClassRunner.java:47) [junit-4.10.jar:na]
				at org.junit.runners.ParentRunner$3.run(ParentRunner.java:231) [junit-4.10.jar:na]
				at org.junit.runners.ParentRunner$1.schedule(ParentRunner.java:60) [junit-4.10.jar:na]
				at org.junit.runners.ParentRunner.runChildren(ParentRunner.java:229) [junit-4.10.jar:na]
				at org.junit.runners.ParentRunner.access$000(ParentRunner.java:50) [junit-4.10.jar:na]
				at org.junit.runners.ParentRunner$2.evaluate(ParentRunner.java:222) [junit-4.10.jar:na]
				at org.junit.runners.ParentRunner.run(ParentRunner.java:300) [junit-4.10.jar:na]
				at org.junit.runner.JUnitCore.run(JUnitCore.java:157) [junit-4.10.jar:na]
				at com.intellij.junit4.JUnit4IdeaTestRunner.startRunnerWithArgs(JUnit4IdeaTestRunner.java:117) [junit-rt.jar:na]
				at com.intellij.junit4.JUnit4IdeaTestRunner.startRunnerWithArgs(JUnit4IdeaTestRunner.java:42) [junit-rt.jar:na]
				at com.intellij.rt.execution.junit.JUnitStarter.prepareStreamsAndStart(JUnitStarter.java:253) [junit-rt.jar:na]
				at com.intellij.rt.execution.junit.JUnitStarter.main(JUnitStarter.java:84) [junit-rt.jar:na]
				at sun.reflect.NativeMethodAccessorImpl.invoke0(Native Method) ~[na:1.8.0_45]
				at sun.reflect.NativeMethodAccessorImpl.invoke(NativeMethodAccessorImpl.java:62) ~[na:1.8.0_45]
				at sun.reflect.DelegatingMethodAccessorImpl.invoke(DelegatingMethodAccessorImpl.java:43) ~[na:1.8.0_45]
				at java.lang.reflect.Method.invoke(Method.java:497) ~[na:1.8.0_45]
				at com.intellij.rt.execution.application.AppMain.main(AppMain.java:147) [idea_rt.jar:na]
22:25:00.907 [main] DEBUG api.v1.repo.CategoryRepository - Here we are deleting the Category: {"id":1,"userId":0,"name":"","description":"This category has no name.","taskIds":[2,3],"scheduleIds":[]}
22:25:00.909 [main] INFO  api.v1.UnitTestHelper - response={"error":{"msg":"Error. The Category name cannot be empty.","code":1160}}

22:25:00.909 [main] INFO  api.v1.UnitTestHelper - Response contained the error: code=1160, msg=Error. The Category name cannot be empty.
22:25:00.909 [main] INFO  api.v1.category.AddCategoryTest - Completed 517210187



22:25:00.910 [main] ERROR api.v1.category.AddCategory - An error occurred while handling an AddCategory  Request: {"name":"MH recreation","description":"This Category points to tasks that do not exist.","id":2,"taskIds":[2000,-3],"scheduleIds":[],"userId":0}.
api.v1.error.BusinessException:  Task not found. 
				 at api.v1.repo.TaskRepository.get(TaskRepository.java:56) ~[classes/:na]
				 at api.v1.AuthRequestHandler.verifyTaskPrivileges(AuthRequestHandler.java:112) ~[classes/:na]
				 at api.v1.category.AddCategory.doPost(AddCategory.java:57) ~[classes/:na]
				 at api.v1.category.AddCategoryTest.doPost(AddCategoryTest.java:152) [test-classes/:na]
				 at sun.reflect.NativeMethodAccessorImpl.invoke0(Native Method) ~[na:1.8.0_45]
				 at sun.reflect.NativeMethodAccessorImpl.invoke(NativeMethodAccessorImpl.java:62) ~[na:1.8.0_45]
				 at sun.reflect.DelegatingMethodAccessorImpl.invoke(DelegatingMethodAccessorImpl.java:43) ~[na:1.8.0_45]
				 at java.lang.reflect.Method.invoke(Method.java:497) ~[na:1.8.0_45]
				 at org.junit.runners.model.FrameworkMethod$1.runReflectiveCall(FrameworkMethod.java:45) [junit-4.10.jar:na]
				 at org.junit.internal.runners.model.ReflectiveCallable.run(ReflectiveCallable.java:15) [junit-4.10.jar:na]
				 at org.junit.runners.model.FrameworkMethod.invokeExplosively(FrameworkMethod.java:42) [junit-4.10.jar:na]
				 at org.junit.internal.runners.statements.InvokeMethod.evaluate(InvokeMethod.java:20) [junit-4.10.jar:na]
				 at org.junit.internal.runners.statements.RunBefores.evaluate(RunBefores.java:28) [junit-4.10.jar:na]
				 at org.junit.internal.runners.statements.RunAfters.evaluate(RunAfters.java:30) [junit-4.10.jar:na]
				 at org.junit.runners.ParentRunner.runLeaf(ParentRunner.java:263) [junit-4.10.jar:na]
				 at org.junit.runners.BlockJUnit4ClassRunner.runChild(BlockJUnit4ClassRunner.java:68) [junit-4.10.jar:na]
				 at org.junit.runners.BlockJUnit4ClassRunner.runChild(BlockJUnit4ClassRunner.java:47) [junit-4.10.jar:na]
				 at org.junit.runners.ParentRunner$3.run(ParentRunner.java:231) [junit-4.10.jar:na]
				 at org.junit.runners.ParentRunner$1.schedule(ParentRunner.java:60) [junit-4.10.jar:na]
				 at org.junit.runners.ParentRunner.runChildren(ParentRunner.java:229) [junit-4.10.jar:na]
				 at org.junit.runners.ParentRunner.access$000(ParentRunner.java:50) [junit-4.10.jar:na]
				 at org.junit.runners.ParentRunner$2.evaluate(ParentRunner.java:222) [junit-4.10.jar:na]
				 at org.junit.runners.ParentRunner.run(ParentRunner.java:300) [junit-4.10.jar:na]
				 at org.junit.runner.JUnitCore.run(JUnitCore.java:157) [junit-4.10.jar:na]
				 at com.intellij.junit4.JUnit4IdeaTestRunner.startRunnerWithArgs(JUnit4IdeaTestRunner.java:117) [junit-rt.jar:na]
				 at com.intellij.junit4.JUnit4IdeaTestRunner.startRunnerWithArgs(JUnit4IdeaTestRunner.java:42) [junit-rt.jar:na]
				 at com.intellij.rt.execution.junit.JUnitStarter.prepareStreamsAndStart(JUnitStarter.java:253) [junit-rt.jar:na]
				 at com.intellij.rt.execution.junit.JUnitStarter.main(JUnitStarter.java:84) [junit-rt.jar:na]
				 at sun.reflect.NativeMethodAccessorImpl.invoke0(Native Method) ~[na:1.8.0_45]
				 at sun.reflect.NativeMethodAccessorImpl.invoke(NativeMethodAccessorImpl.java:62) ~[na:1.8.0_45]
				 at sun.reflect.DelegatingMethodAccessorImpl.invoke(DelegatingMethodAccessorImpl.java:43) ~[na:1.8.0_45]
				 at java.lang.reflect.Method.invoke(Method.java:497) ~[na:1.8.0_45]
				 at com.intellij.rt.execution.application.AppMain.main(AppMain.java:147) [idea_rt.jar:na]
22:25:00.915 [main] DEBUG api.v1.repo.CategoryRepository - Here we are deleting the Category: {"id":2,"userId":0,"name":"MH recreation","description":"This Category points to tasks that do not exist.","taskIds":[2000,-3],"scheduleIds":[]}
22:25:00.915 [main] INFO  api.v1.UnitTestHelper - response={"error":{"msg":"Error.  Task not found. ","code":1200}}

22:25:00.915 [main] INFO  api.v1.UnitTestHelper - Response contained the error: code=1200, msg=Error.  Task not found. 
22:25:00.915 [main] INFO  api.v1.category.AddCategoryTest - Completed 267760927



22:25:00.925 [main] ERROR api.v1.category.AddCategory - An error occurred while handling an AddCategory  Request: {"name":"MH recreation","description":"This Category points to tasks that do not exist.","id":2,"taskIds":[-3,2000],"scheduleIds":[],"userId":0}.
api.v1.error.BusinessException:  Task not found. 
				 at api.v1.repo.TaskRepository.get(TaskRepository.java:56) ~[classes/:na]
				 at api.v1.AuthRequestHandler.verifyTaskPrivileges(AuthRequestHandler.java:112) ~[classes/:na]
				 at api.v1.category.AddCategory.doPost(AddCategory.java:57) ~[classes/:na]
				 at api.v1.category.AddCategoryTest.doPost(AddCategoryTest.java:152) [test-classes/:na]
				 at sun.reflect.NativeMethodAccessorImpl.invoke0(Native Method) ~[na:1.8.0_45]
				 at sun.reflect.NativeMethodAccessorImpl.invoke(NativeMethodAccessorImpl.java:62) ~[na:1.8.0_45]
				 at sun.reflect.DelegatingMethodAccessorImpl.invoke(DelegatingMethodAccessorImpl.java:43) ~[na:1.8.0_45]
				 at java.lang.reflect.Method.invoke(Method.java:497) ~[na:1.8.0_45]
				 at org.junit.runners.model.FrameworkMethod$1.runReflectiveCall(FrameworkMethod.java:45) [junit-4.10.jar:na]
				 at org.junit.internal.runners.model.ReflectiveCallable.run(ReflectiveCallable.java:15) [junit-4.10.jar:na]
				 at org.junit.runners.model.FrameworkMethod.invokeExplosively(FrameworkMethod.java:42) [junit-4.10.jar:na]
				 at org.junit.internal.runners.statements.InvokeMethod.evaluate(InvokeMethod.java:20) [junit-4.10.jar:na]
				 at org.junit.internal.runners.statements.RunBefores.evaluate(RunBefores.java:28) [junit-4.10.jar:na]
				 at org.junit.internal.runners.statements.RunAfters.evaluate(RunAfters.java:30) [junit-4.10.jar:na]
				 at org.junit.runners.ParentRunner.runLeaf(ParentRunner.java:263) [junit-4.10.jar:na]
				 at org.junit.runners.BlockJUnit4ClassRunner.runChild(BlockJUnit4ClassRunner.java:68) [junit-4.10.jar:na]
				 at org.junit.runners.BlockJUnit4ClassRunner.runChild(BlockJUnit4ClassRunner.java:47) [junit-4.10.jar:na]
				 at org.junit.runners.ParentRunner$3.run(ParentRunner.java:231) [junit-4.10.jar:na]
				 at org.junit.runners.ParentRunner$1.schedule(ParentRunner.java:60) [junit-4.10.jar:na]
				 at org.junit.runners.ParentRunner.runChildren(ParentRunner.java:229) [junit-4.10.jar:na]
				 at org.junit.runners.ParentRunner.access$000(ParentRunner.java:50) [junit-4.10.jar:na]
				 at org.junit.runners.ParentRunner$2.evaluate(ParentRunner.java:222) [junit-4.10.jar:na]
				 at org.junit.runners.ParentRunner.run(ParentRunner.java:300) [junit-4.10.jar:na]
				 at org.junit.runner.JUnitCore.run(JUnitCore.java:157) [junit-4.10.jar:na]
				 at com.intellij.junit4.JUnit4IdeaTestRunner.startRunnerWithArgs(JUnit4IdeaTestRunner.java:117) [junit-rt.jar:na]
				 at com.intellij.junit4.JUnit4IdeaTestRunner.startRunnerWithArgs(JUnit4IdeaTestRunner.java:42) [junit-rt.jar:na]
				 at com.intellij.rt.execution.junit.JUnitStarter.prepareStreamsAndStart(JUnitStarter.java:253) [junit-rt.jar:na]
				 at com.intellij.rt.execution.junit.JUnitStarter.main(JUnitStarter.java:84) [junit-rt.jar:na]
				 at sun.reflect.NativeMethodAccessorImpl.invoke0(Native Method) ~[na:1.8.0_45]
				 at sun.reflect.NativeMethodAccessorImpl.invoke(NativeMethodAccessorImpl.java:62) ~[na:1.8.0_45]
				 at sun.reflect.DelegatingMethodAccessorImpl.invoke(DelegatingMethodAccessorImpl.java:43) ~[na:1.8.0_45]
				 at java.lang.reflect.Method.invoke(Method.java:497) ~[na:1.8.0_45]
				 at com.intellij.rt.execution.application.AppMain.main(AppMain.java:147) [idea_rt.jar:na]
22:25:00.926 [main] DEBUG api.v1.repo.CategoryRepository - Here we are deleting the Category: {"id":2,"userId":0,"name":"MH recreation","description":"This Category points to tasks that do not exist.","taskIds":[-3,2000],"scheduleIds":[]}
22:25:00.927 [main] ERROR api.v1.category.AddCategory - Could not remove this category from the categoryRepository. 
api.v1.error.BusinessException:  Category not found. ID=2
				 at api.v1.repo.CategoryRepository.delete(CategoryRepository.java:85) ~[classes/:na]
				 at api.v1.category.AddCategory.cleanUp(AddCategory.java:104) [classes/:na]
				 at api.v1.category.AddCategory.doPost(AddCategory.java:89) [classes/:na]
				 at api.v1.category.AddCategoryTest.doPost(AddCategoryTest.java:152) [test-classes/:na]
				 at sun.reflect.NativeMethodAccessorImpl.invoke0(Native Method) ~[na:1.8.0_45]
				 at sun.reflect.NativeMethodAccessorImpl.invoke(NativeMethodAccessorImpl.java:62) ~[na:1.8.0_45]
				 at sun.reflect.DelegatingMethodAccessorImpl.invoke(DelegatingMethodAccessorImpl.java:43) ~[na:1.8.0_45]
				 at java.lang.reflect.Method.invoke(Method.java:497) ~[na:1.8.0_45]
				 at org.junit.runners.model.FrameworkMethod$1.runReflectiveCall(FrameworkMethod.java:45) [junit-4.10.jar:na]
				 at org.junit.internal.runners.model.ReflectiveCallable.run(ReflectiveCallable.java:15) [junit-4.10.jar:na]
				 at org.junit.runners.model.FrameworkMethod.invokeExplosively(FrameworkMethod.java:42) [junit-4.10.jar:na]
				 at org.junit.internal.runners.statements.InvokeMethod.evaluate(InvokeMethod.java:20) [junit-4.10.jar:na]
				 at org.junit.internal.runners.statements.RunBefores.evaluate(RunBefores.java:28) [junit-4.10.jar:na]
				 at org.junit.internal.runners.statements.RunAfters.evaluate(RunAfters.java:30) [junit-4.10.jar:na]
				 at org.junit.runners.ParentRunner.runLeaf(ParentRunner.java:263) [junit-4.10.jar:na]
				 at org.junit.runners.BlockJUnit4ClassRunner.runChild(BlockJUnit4ClassRunner.java:68) [junit-4.10.jar:na]
				 at org.junit.runners.BlockJUnit4ClassRunner.runChild(BlockJUnit4ClassRunner.java:47) [junit-4.10.jar:na]
				 at org.junit.runners.ParentRunner$3.run(ParentRunner.java:231) [junit-4.10.jar:na]
				 at org.junit.runners.ParentRunner$1.schedule(ParentRunner.java:60) [junit-4.10.jar:na]
				 at org.junit.runners.ParentRunner.runChildren(ParentRunner.java:229) [junit-4.10.jar:na]
				 at org.junit.runners.ParentRunner.access$000(ParentRunner.java:50) [junit-4.10.jar:na]
				 at org.junit.runners.ParentRunner$2.evaluate(ParentRunner.java:222) [junit-4.10.jar:na]
				 at org.junit.runners.ParentRunner.run(ParentRunner.java:300) [junit-4.10.jar:na]
				 at org.junit.runner.JUnitCore.run(JUnitCore.java:157) [junit-4.10.jar:na]
				 at com.intellij.junit4.JUnit4IdeaTestRunner.startRunnerWithArgs(JUnit4IdeaTestRunner.java:117) [junit-rt.jar:na]
				 at com.intellij.junit4.JUnit4IdeaTestRunner.startRunnerWithArgs(JUnit4IdeaTestRunner.java:42) [junit-rt.jar:na]
				 at com.intellij.rt.execution.junit.JUnitStarter.prepareStreamsAndStart(JUnitStarter.java:253) [junit-rt.jar:na]
				 at com.intellij.rt.execution.junit.JUnitStarter.main(JUnitStarter.java:84) [junit-rt.jar:na]
				 at sun.reflect.NativeMethodAccessorImpl.invoke0(Native Method) ~[na:1.8.0_45]
				 at sun.reflect.NativeMethodAccessorImpl.invoke(NativeMethodAccessorImpl.java:62) ~[na:1.8.0_45]
				 at sun.reflect.DelegatingMethodAccessorImpl.invoke(DelegatingMethodAccessorImpl.java:43) ~[na:1.8.0_45]
				 at java.lang.reflect.Method.invoke(Method.java:497) ~[na:1.8.0_45]
				 at com.intellij.rt.execution.application.AppMain.main(AppMain.java:147) [idea_rt.jar:na]
22:25:00.927 [main] INFO  api.v1.UnitTestHelper - response={"error":{"msg":"Error.  Task not found. ","code":1200}}

22:25:00.937 [main] INFO  api.v1.UnitTestHelper - Response contained the error: code=1200, msg=Error.  Task not found. 
22:25:00.937 [main] INFO  api.v1.category.AddCategoryTest - Completed 633070006



22:25:00.938 [main] INFO  api.v1.category.AddCategoryTest - Verifying categories were placed in the repository...
22:25:00.946 [main] DEBUG api.v1.repo.CategoryRepository - Here we are deleting the Category: {"id":0,"userId":0,"name":"Mikes work","description":"This is for all of the work Mike does","taskIds":[0,1],"scheduleIds":[0,1,2]}

api.v1.error.BusinessException:  Category not found. ID=0

				 at api.v1.repo.CategoryRepository.get(CategoryRepository.java:56)
				 at api.v1.category.AddCategoryTest.doPost(AddCategoryTest.java:160)
				 at sun.reflect.NativeMethodAccessorImpl.invoke0(Native Method)
				 at sun.reflect.NativeMethodAccessorImpl.invoke(NativeMethodAccessorImpl.java:62)
				 at sun.reflect.DelegatingMethodAccessorImpl.invoke(DelegatingMethodAccessorImpl.java:43)
				 at java.lang.reflect.Method.invoke(Method.java:497)
				 at org.junit.runners.model.FrameworkMethod$1.runReflectiveCall(FrameworkMethod.java:45)
				 at org.junit.internal.runners.model.ReflectiveCallable.run(ReflectiveCallable.java:15)
				 at org.junit.runners.model.FrameworkMethod.invokeExplosively(FrameworkMethod.java:42)
				 at org.junit.internal.runners.statements.InvokeMethod.evaluate(InvokeMethod.java:20)
				 at org.junit.internal.runners.statements.RunBefores.evaluate(RunBefores.java:28)
				 at org.junit.internal.runners.statements.RunAfters.evaluate(RunAfters.java:30)
				 at org.junit.runners.ParentRunner.runLeaf(ParentRunner.java:263)
				 at org.junit.runners.BlockJUnit4ClassRunner.runChild(BlockJUnit4ClassRunner.java:68)
				 at org.junit.runners.BlockJUnit4ClassRunner.runChild(BlockJUnit4ClassRunner.java:47)
				 at org.junit.runners.ParentRunner$3.run(ParentRunner.java:231)
				 at org.junit.runners.ParentRunner$1.schedule(ParentRunner.java:60)
				 at org.junit.runners.ParentRunner.runChildren(ParentRunner.java:229)
				 at org.junit.runners.ParentRunner.access$000(ParentRunner.java:50)
				 at org.junit.runners.ParentRunner$2.evaluate(ParentRunner.java:222)
				 at org.junit.runners.ParentRunner.run(ParentRunner.java:300)
				 at org.junit.runner.JUnitCore.run(JUnitCore.java:157)
				 at com.intellij.junit4.JUnit4IdeaTestRunner.startRunnerWithArgs(JUnit4IdeaTestRunner.java:117)
				 at com.intellij.junit4.JUnit4IdeaTestRunner.startRunnerWithArgs(JUnit4IdeaTestRunner.java:42)
				 at com.intellij.rt.execution.junit.JUnitStarter.prepareStreamsAndStart(JUnitStarter.java:253)
				 at com.intellij.rt.execution.junit.JUnitStarter.main(JUnitStarter.java:84)
				 at sun.reflect.NativeMethodAccessorImpl.invoke0(Native Method)
				 at sun.reflect.NativeMethodAccessorImpl.invoke(NativeMethodAccessorImpl.java:62)
				 at sun.reflect.DelegatingMethodAccessorImpl.invoke(DelegatingMethodAccessorImpl.java:43)
				 at java.lang.reflect.Method.invoke(Method.java:497)
				 at com.intellij.rt.execution.application.AppMain.main(AppMain.java:147)


api.v1.error.BusinessException:  Category not found. ID=0

				 at api.v1.repo.CategoryRepository.delete(CategoryRepository.java:85)
				 at api.v1.category.AddCategoryTest.tearDown(AddCategoryTest.java:127)
				 at sun.reflect.NativeMethodAccessorImpl.invoke0(Native Method)
				 at sun.reflect.NativeMethodAccessorImpl.invoke(NativeMethodAccessorImpl.java:62)
				 at sun.reflect.DelegatingMethodAccessorImpl.invoke(DelegatingMethodAccessorImpl.java:43)
				 at java.lang.reflect.Method.invoke(Method.java:497)
				 at org.junit.runners.model.FrameworkMethod$1.runReflectiveCall(FrameworkMethod.java:45)
				 at org.junit.internal.runners.model.ReflectiveCallable.run(ReflectiveCallable.java:15)
				 at org.junit.runners.model.FrameworkMethod.invokeExplosively(FrameworkMethod.java:42)
				 at org.junit.internal.runners.statements.RunAfters.evaluate(RunAfters.java:36)
				 at org.junit.runners.ParentRunner.runLeaf(ParentRunner.java:263)
				 at org.junit.runners.BlockJUnit4ClassRunner.runChild(BlockJUnit4ClassRunner.java:68)
				 at org.junit.runners.BlockJUnit4ClassRunner.runChild(BlockJUnit4ClassRunner.java:47)
				 at org.junit.runners.ParentRunner$3.run(ParentRunner.java:231)
				 at org.junit.runners.ParentRunner$1.schedule(ParentRunner.java:60)
				 at org.junit.runners.ParentRunner.runChildren(ParentRunner.java:229)
				 at org.junit.runners.ParentRunner.access$000(ParentRunner.java:50)
				 at org.junit.runners.ParentRunner$2.evaluate(ParentRunner.java:222)
				 at org.junit.runners.ParentRunner.run(ParentRunner.java:300)
				 at org.junit.runner.JUnitCore.run(JUnitCore.java:157)
				 at com.intellij.junit4.JUnit4IdeaTestRunner.startRunnerWithArgs(JUnit4IdeaTestRunner.java:117)
				 at com.intellij.junit4.JUnit4IdeaTestRunner.startRunnerWithArgs(JUnit4IdeaTestRunner.java:42)
				 at com.intellij.rt.execution.junit.JUnitStarter.prepareStreamsAndStart(JUnitStarter.java:253)
				 at com.intellij.rt.execution.junit.JUnitStarter.main(JUnitStarter.java:84)
				 at sun.reflect.NativeMethodAccessorImpl.invoke0(Native Method)
				 at sun.reflect.NativeMethodAccessorImpl.invoke(NativeMethodAccessorImpl.java:62)
				 at sun.reflect.DelegatingMethodAccessorImpl.invoke(DelegatingMethodAccessorImpl.java:43)
				 at java.lang.reflect.Method.invoke(Method.java:497)
				 at com.intellij.rt.execution.application.AppMain.main(AppMain.java:147)


Process finished with exit code 255
