api.v1.category.CategoryApiHelper - Created JSONObject {"name":"Mikes work","description":"This is for all of the work Mike does         ","id":"0","taskIds":"[0,1]","scheduleIds":"[0,1,2]","userId":"0"}
api.v1.category.CategoryApiHelper - Created JSONObject {"name":"Mikes home","description":"This is for all of the chores Mike never does ","id":"1","taskIds":"[2,3]","scheduleIds":"[]","userId":"0"}
api.v1.category.CategoryApiHelper - Created JSONObject {"name":"Mikes play","description":"This is for Mike's recreational stuff         ","id":"2","taskIds":"[2,3]","scheduleIds":"[]","userId":"0"}
api.v1.category.CategoryApiHelper - Created JSONObject {"name":"Ken's work","description":"This is for all of the work Ken never does.   ","id":"3","taskIds":"[4,5]","scheduleIds":"[3,4,5]","userId":"1"}
api.v1.category.CategoryApiHelper - Created JSONObject {"name":"ken's home","description":"This is for all of the chores Ken does.       ","id":"4","taskIds":"[6,7]","scheduleIds":"[]","userId":"1"}
api.v1.category.CategoryApiHelper - Created JSONObject {"name":"Ken's play","description":"This is for the recreational stuff Ken does.  ","id":"5","taskIds":"[6,7]","scheduleIds":"[]","userId":"1"}
api.v1.UnitTestHelper - Created request {"name":"Mikes work","description":"This is for all of the work Mike does         ","id":"0","taskIds":"[0,1]","scheduleIds":"[0,1,2]","userId":"0"}
api.v1.UnitTestHelper - Created request {"name":"Mikes home","description":"This is for all of the chores Mike never does ","id":"1","taskIds":"[2,3]","scheduleIds":"[]","userId":"0"}
api.v1.UnitTestHelper - Created request {"name":"Mikes play","description":"This is for Mike's recreational stuff         ","id":"2","taskIds":"[2,3]","scheduleIds":"[]","userId":"0"}
api.v1.UnitTestHelper - Created request {"name":"Ken's work","description":"This is for all of the work Ken never does.   ","id":"3","taskIds":"[4,5]","scheduleIds":"[3,4,5]","userId":"1"}
api.v1.UnitTestHelper - Created request {"name":"ken's home","description":"This is for all of the chores Ken does.       ","id":"4","taskIds":"[6,7]","scheduleIds":"[]","userId":"1"}
api.v1.UnitTestHelper - Created request {"name":"Ken's play","description":"This is for the recreational stuff Ken does.  ","id":"5","taskIds":"[6,7]","scheduleIds":"[]","userId":"1"}
api.v1.cat...piHelper - Created JSONObject {"name":"Mikes work","description":"This category points to a Tasks that does not belong to Mike.","id":"0","taskIds":"[4]","scheduleIds":"[]","userId":"0"}
api.v1.cat...piHelper - Created JSONObject {"name":"Mikes work","description":"This category points to Schedules that do not belong to Mike.","id":"0","taskIds":"[]","scheduleIds":"[4,5]","userId":"0"}
api.v1.cat...piHelper - Created JSONObject {"name":"          ","description":"This category has no name.","id":"1","taskIds":"[2,3]","scheduleIds":"[]","userId":"0"}
api.v1.cat...piHelper - Created JSONObject {"name":"MH recreation","description":"This Category points to tasks that do not exist.","id":"2","taskIds":"[2000,-3]","scheduleIds":"[]","userId":"0"}
api.v1.cat...piHelper - Created JSONObject {"name":"MH recreation","description":"This Category points to tasks that do not exist.","id":"2","taskIds":"[-3,2000]","scheduleIds":"[]","userId":"0"}
api.v1.UnitTestHelper - Created request {"name":"Mikes work","description":"This category points to a Tasks that does not belong to Mike.","id":"0","taskIds":"[4]","scheduleIds":"[]","userId":"0"}
api.v1.UnitTestHelper - Created request {"name":"Mikes work","description":"This category points to Schedules that do not belong to Mike.","id":"0","taskIds":"[]","scheduleIds":"[4,5]","userId":"0"}
api.v1.UnitTestHelper - Created request {"name":"          ","description":"This category has no name.","id":"1","taskIds":"[2,3]","scheduleIds":"[]","userId":"0"}
api.v1.UnitTestHelper - Created request {"name":"MH recreation","description":"This Category points to tasks that do not exist.","id":"2","taskIds":"[2000,-3]","scheduleIds":"[]","userId":"0"}
api.v1.UnitTestHelper - Created request {"name":"MH recreation","description":"This Category points to tasks that do not exist.","id":"2","taskIds":"[-3,2000]","scheduleIds":"[]","userId":"0"}
api.v1.BaseRequestHandler - This is the JSON reqest: {"name":"Mikes work","description":"This is for all of the work Mike does         ","id":"0","taskIds":"[0,1]","scheduleIds":"[0,1,2]","userId":"0"}
api.v1.AuthRequestHandler - TaskList owner id: 0
api.v1.AuthRequestHandler - User id: 0
api.v1.UnitTestHelper - response={"Category":"{\"id\":0,\"userId\":0,\"name\":\"Mikes work\",\"description\":\"This is for all of the work Mike does\",\"taskIds\":[0,1],\"scheduleIds\":[0,1,2]}","success":true}

21:37:33.792 [main] INFO  api.v1.UnitTestHelper - Success value returned to the caller as: true


21:37:33.792 [main] INFO  api.v1.BaseRequestHandler - This is the JSON reqest: {"name":"Mikes home","description":"This is for all of the chores Mike never does ","id":"1","taskIds":"[2,3]","scheduleIds":"[]","userId":"0"}
21:37:33.796 [main] DEBUG api.v1.AuthRequestHandler - TaskList owner id: 0
21:37:33.796 [main] DEBUG api.v1.AuthRequestHandler - User id: 0
21:37:33.798 [main] INFO  api.v1.UnitTestHelper - response={"Category":"{\"id\":1,\"userId\":0,\"name\":\"Mikes home\",\"description\":\"This is for all of the chores Mike never does\",\"taskIds\":[2,3]}","success":true}

21:37:33.799 [main] INFO  api.v1.UnitTestHelper - Success value returned to the caller as: true


21:37:33.799 [main] INFO  api.v1.BaseRequestHandler - This is the JSON reqest: {"name":"Mikes play","description":"This is for Mike's recreational stuff         ","id":"2","taskIds":"[2,3]","scheduleIds":"[]","userId":"0"}
21:37:33.799 [main] DEBUG api.v1.AuthRequestHandler - TaskList owner id: 0
21:37:33.799 [main] DEBUG api.v1.AuthRequestHandler - User id: 0
21:37:33.800 [main] INFO  api.v1.UnitTestHelper - response={"Category":"{\"id\":2,\"userId\":0,\"name\":\"Mikes play\",\"description\":\"This is for Mike\\u0027s recreational stuff\",\"taskIds\":[2,3]}","success":true}

21:37:33.801 [main] INFO  api.v1.UnitTestHelper - Success value returned to the caller as: true


21:37:33.801 [main] INFO  api.v1.BaseRequestHandler - This is the JSON reqest: {"name":"Ken's work","description":"This is for all of the work Ken never does.   ","id":"3","taskIds":"[4,5]","scheduleIds":"[3,4,5]","userId":"1"}
21:37:33.803 [main] DEBUG api.v1.AuthRequestHandler - TaskList owner id: 1
21:37:33.803 [main] DEBUG api.v1.AuthRequestHandler - User id: 1
21:37:33.805 [main] INFO  api.v1.UnitTestHelper - response={"Category":"{\"id\":3,\"userId\":1,\"name\":\"Ken\\u0027s work\",\"description\":\"This is for all of the work Ken never does.\",\"taskIds\":[4,5],\"scheduleIds\":[3,4,5]}","success":true}

21:37:33.805 [main] INFO  api.v1.UnitTestHelper - Success value returned to the caller as: true


21:37:33.805 [main] INFO  api.v1.BaseRequestHandler - This is the JSON reqest: {"name":"ken's home","description":"This is for all of the chores Ken does.       ","id":"4","taskIds":"[6,7]","scheduleIds":"[]","userId":"1"}
21:37:33.806 [main] DEBUG api.v1.AuthRequestHandler - TaskList owner id: 1
21:37:33.806 [main] DEBUG api.v1.AuthRequestHandler - User id: 1
21:37:33.807 [main] INFO  api.v1.UnitTestHelper - response={"Category":"{\"id\":4,\"userId\":1,\"name\":\"ken\\u0027s home\",\"description\":\"This is for all of the chores Ken does.\",\"taskIds\":[6,7]}","success":true}

21:37:33.807 [main] INFO  api.v1.UnitTestHelper - Success value returned to the caller as: true


21:37:33.807 [main] INFO  api.v1.BaseRequestHandler - This is the JSON reqest: {"name":"Ken's play","description":"This is for the recreational stuff Ken does.  ","id":"5","taskIds":"[6,7]","scheduleIds":"[]","userId":"1"}
21:37:33.807 [main] DEBUG api.v1.AuthRequestHandler - TaskList owner id: 1
21:37:33.807 [main] DEBUG api.v1.AuthRequestHandler - User id: 1
21:37:33.809 [main] INFO  api.v1.UnitTestHelper - response={"Category":"{\"id\":5,\"userId\":1,\"name\":\"Ken\\u0027s play\",\"description\":\"This is for the recreational stuff Ken does.\",\"taskIds\":[6,7]}","success":true}

21:37:33.810 [main] INFO  api.v1.UnitTestHelper - Success value returned to the caller as: true


21:37:33.810 [main] INFO  api.v1.BaseRequestHandler - This is the JSON reqest: {"name":"Mikes work","description":"This category points to a Tasks that does not belong to Mike.","id":"0","taskIds":"[4]","scheduleIds":"[]","userId":"0"}
21:37:33.810 [main] DEBUG api.v1.AuthRequestHandler - TaskList owner id: 1
21:37:33.810 [main] DEBUG api.v1.AuthRequestHandler - User id: 0
21:37:33.830 [main] ERROR api.v1.category.AddCategory - An error occurred while handling an AddCategory  Request: {"name":"Mikes work","description":"This category points to a Tasks that does not belong to Mike.","id":"0","taskIds":"[4]","scheduleIds":"[]","userId":"0"}.
api.v1.error.BusinessException: This task cannot be accessed by the specified user.  {id: 0, email: mikehedden@gmail.com}
				at api.v1.AuthRequestHandler.throwObjectOwnershipError(AuthRequestHandler.java:136) ~[classes/:na]
				at api.v1.AuthRequestHandler.verifyTaskPrivileges(AuthRequestHandler.java:126) ~[classes/:na]
				at api.v1.category.AddCategory.doPost(AddCategory.java:56) ~[classes/:na]
				at api.v1.category.AddCategoryTest.doPost(AddCategoryTest.java:151) [test-classes/:na]
				at sun.reflect.NativeMethodAccessorImpl.invoke0(Native Method) ~[na:1.8.0_45]
				at sun.reflect.NativeMethodAccessorImpl.invoke(NativeMethodAccessorImpl.java:62) ~[na:1.8.0_45]
				at sun.reflect.DelegatingMethodAccessorImpl.invoke(DelegatingMethodAccessorImpl.java:43) ~[na:1.8.0_45]
				at java.lang.reflect.Method.invoke(Method.java:497) ~[na:1.8.0_45]
				at org.junit.runners.model.FrameworkMethod$1.runReflectiveCall(FrameworkMethod.java:45) [junit-4.10.jar:na]
				at org.junit.internal.runners.model.ReflectiveCallable.run(ReflectiveCallable.java:15) [junit-4.10.jar:na]
				at org.junit.runners.model.FrameworkMethod.invokeExplosively(FrameworkMethod.java:42) [junit-4.10.jar:na]
				at org.junit.internal.runners.statements.InvokeMethod.evaluate(InvokeMethod.java:20) [junit-4.10.jar:na]
				at org.junit.internal.runners.statements.RunBefores.evaluate(RunBefores.java:28) [junit-4.10.jar:na]
				at org.junit.internal.runners.statements.RunAfters.evaluate(RunAfters.java:30) [junit-4.10.jar:na]
				at org.junit.runners.ParentRunner.runLeaf(ParentRunner.java:263) [junit-4.10.jar:na]
				at org.junit.runners.BlockJUnit4ClassRunner.runChild(BlockJUnit4ClassRunner.java:68) [junit-4.10.jar:na]
				at org.junit.runners.BlockJUnit4ClassRunner.runChild(BlockJUnit4ClassRunner.java:47) [junit-4.10.jar:na]
				at org.junit.runners.ParentRunner$3.run(ParentRunner.java:231) [junit-4.10.jar:na]
				at org.junit.runners.ParentRunner$1.schedule(ParentRunner.java:60) [junit-4.10.jar:na]
				at org.junit.runners.ParentRunner.runChildren(ParentRunner.java:229) [junit-4.10.jar:na]
				at org.junit.runners.ParentRunner.access$000(ParentRunner.java:50) [junit-4.10.jar:na]
				at org.junit.runners.ParentRunner$2.evaluate(ParentRunner.java:222) [junit-4.10.jar:na]
				at org.junit.runners.ParentRunner.run(ParentRunner.java:300) [junit-4.10.jar:na]
				at org.junit.runner.JUnitCore.run(JUnitCore.java:157) [junit-4.10.jar:na]
				at com.intellij.junit4.JUnit4IdeaTestRunner.startRunnerWithArgs(JUnit4IdeaTestRunner.java:117) [junit-rt.jar:na]
				at com.intellij.junit4.JUnit4IdeaTestRunner.startRunnerWithArgs(JUnit4IdeaTestRunner.java:42) [junit-rt.jar:na]
				at com.intellij.rt.execution.junit.JUnitStarter.prepareStreamsAndStart(JUnitStarter.java:253) [junit-rt.jar:na]
				at com.intellij.rt.execution.junit.JUnitStarter.main(JUnitStarter.java:84) [junit-rt.jar:na]
				at sun.reflect.NativeMethodAccessorImpl.invoke0(Native Method) ~[na:1.8.0_45]
				at sun.reflect.NativeMethodAccessorImpl.invoke(NativeMethodAccessorImpl.java:62) ~[na:1.8.0_45]
				at sun.reflect.DelegatingMethodAccessorImpl.invoke(DelegatingMethodAccessorImpl.java:43) ~[na:1.8.0_45]
				at java.lang.reflect.Method.invoke(Method.java:497) ~[na:1.8.0_45]
				at com.intellij.rt.execution.application.AppMain.main(AppMain.java:147) [idea_rt.jar:na]
21:37:33.833 [main] ERROR api.v1.category.AddCategory - Could not remove this category from the categoryRepository. 
api.v1.error.BusinessException:  Category not found. ID=-1
				 at api.v1.repo.CategoryRepository.delete(CategoryRepository.java:83) ~[classes/:na]
				 at api.v1.category.AddCategory.cleanUp(AddCategory.java:102) [classes/:na]
				 at api.v1.category.AddCategory.doPost(AddCategory.java:87) [classes/:na]
				 at api.v1.category.AddCategoryTest.doPost(AddCategoryTest.java:151) [test-classes/:na]
				 at sun.reflect.NativeMethodAccessorImpl.invoke0(Native Method) ~[na:1.8.0_45]
				 at sun.reflect.NativeMethodAccessorImpl.invoke(NativeMethodAccessorImpl.java:62) ~[na:1.8.0_45]
				 at sun.reflect.DelegatingMethodAccessorImpl.invoke(DelegatingMethodAccessorImpl.java:43) ~[na:1.8.0_45]
				 at java.lang.reflect.Method.invoke(Method.java:497) ~[na:1.8.0_45]
				 at org.junit.runners.model.FrameworkMethod$1.runReflectiveCall(FrameworkMethod.java:45) [junit-4.10.jar:na]
				 at org.junit.internal.runners.model.ReflectiveCallable.run(ReflectiveCallable.java:15) [junit-4.10.jar:na]
				 at org.junit.runners.model.FrameworkMethod.invokeExplosively(FrameworkMethod.java:42) [junit-4.10.jar:na]
				 at org.junit.internal.runners.statements.InvokeMethod.evaluate(InvokeMethod.java:20) [junit-4.10.jar:na]
				 at org.junit.internal.runners.statements.RunBefores.evaluate(RunBefores.java:28) [junit-4.10.jar:na]
				 at org.junit.internal.runners.statements.RunAfters.evaluate(RunAfters.java:30) [junit-4.10.jar:na]
				 at org.junit.runners.ParentRunner.runLeaf(ParentRunner.java:263) [junit-4.10.jar:na]
				 at org.junit.runners.BlockJUnit4ClassRunner.runChild(BlockJUnit4ClassRunner.java:68) [junit-4.10.jar:na]
				 at org.junit.runners.BlockJUnit4ClassRunner.runChild(BlockJUnit4ClassRunner.java:47) [junit-4.10.jar:na]
				 at org.junit.runners.ParentRunner$3.run(ParentRunner.java:231) [junit-4.10.jar:na]
				 at org.junit.runners.ParentRunner$1.schedule(ParentRunner.java:60) [junit-4.10.jar:na]
				 at org.junit.runners.ParentRunner.runChildren(ParentRunner.java:229) [junit-4.10.jar:na]
				 at org.junit.runners.ParentRunner.access$000(ParentRunner.java:50) [junit-4.10.jar:na]
				 at org.junit.runners.ParentRunner$2.evaluate(ParentRunner.java:222) [junit-4.10.jar:na]
				 at org.junit.runners.ParentRunner.run(ParentRunner.java:300) [junit-4.10.jar:na]
				 at org.junit.runner.JUnitCore.run(JUnitCore.java:157) [junit-4.10.jar:na]
				 at com.intellij.junit4.JUnit4IdeaTestRunner.startRunnerWithArgs(JUnit4IdeaTestRunner.java:117) [junit-rt.jar:na]
				 at com.intellij.junit4.JUnit4IdeaTestRunner.startRunnerWithArgs(JUnit4IdeaTestRunner.java:42) [junit-rt.jar:na]
				 at com.intellij.rt.execution.junit.JUnitStarter.prepareStreamsAndStart(JUnitStarter.java:253) [junit-rt.jar:na]
				 at com.intellij.rt.execution.junit.JUnitStarter.main(JUnitStarter.java:84) [junit-rt.jar:na]
				 at sun.reflect.NativeMethodAccessorImpl.invoke0(Native Method) ~[na:1.8.0_45]
				 at sun.reflect.NativeMethodAccessorImpl.invoke(NativeMethodAccessorImpl.java:62) ~[na:1.8.0_45]
				 at sun.reflect.DelegatingMethodAccessorImpl.invoke(DelegatingMethodAccessorImpl.java:43) ~[na:1.8.0_45]
				 at java.lang.reflect.Method.invoke(Method.java:497) ~[na:1.8.0_45]
				 at com.intellij.rt.execution.application.AppMain.main(AppMain.java:147) [idea_rt.jar:na]
21:37:33.834 [main] INFO  api.v1.UnitTestHelper - response={"error":{"msg":"Error. This task cannot be accessed by the specified user.  {id: 0, email: mikehedden@gmail.com}","code":1010}}

21:37:33.838 [main] INFO  api.v1.UnitTestHelper - Response contained the error: code=1010, msg=Error. This task cannot be accessed by the specified user.  {id: 0, email: mikehedden@gmail.com}
21:37:33.840 [main] INFO  api.v1.BaseRequestHandler - This is the JSON reqest: {"name":"Mikes work","description":"This category points to Schedules that do not belong to Mike.","id":"0","taskIds":"[]","scheduleIds":"[4,5]","userId":"0"}
21:37:33.841 [main] ERROR api.v1.category.AddCategory - An error occurred while handling an AddCategory  Request: {"name":"Mikes work","description":"This category points to Schedules that do not belong to Mike.","id":"0","taskIds":"[]","scheduleIds":"[4,5]","userId":"0"}.
api.v1.error.BusinessException: This schedule cannot be accessed by the specified user.  {id: 0, email: mikehedden@gmail.com}
				at api.v1.AuthRequestHandler.throwObjectOwnershipError(AuthRequestHandler.java:136) ~[classes/:na]
				at api.v1.AuthRequestHandler.verifySchedulePrivileges(AuthRequestHandler.java:156) ~[classes/:na]
				at api.v1.category.AddCategory.doPost(AddCategory.java:57) ~[classes/:na]
				at api.v1.category.AddCategoryTest.doPost(AddCategoryTest.java:151) [test-classes/:na]
				at sun.reflect.NativeMethodAccessorImpl.invoke0(Native Method) ~[na:1.8.0_45]
				at sun.reflect.NativeMethodAccessorImpl.invoke(NativeMethodAccessorImpl.java:62) ~[na:1.8.0_45]
				at sun.reflect.DelegatingMethodAccessorImpl.invoke(DelegatingMethodAccessorImpl.java:43) ~[na:1.8.0_45]
				at java.lang.reflect.Method.invoke(Method.java:497) ~[na:1.8.0_45]
				at org.junit.runners.model.FrameworkMethod$1.runReflectiveCall(FrameworkMethod.java:45) [junit-4.10.jar:na]
				at org.junit.internal.runners.model.ReflectiveCallable.run(ReflectiveCallable.java:15) [junit-4.10.jar:na]
				at org.junit.runners.model.FrameworkMethod.invokeExplosively(FrameworkMethod.java:42) [junit-4.10.jar:na]
				at org.junit.internal.runners.statements.InvokeMethod.evaluate(InvokeMethod.java:20) [junit-4.10.jar:na]
				at org.junit.internal.runners.statements.RunBefores.evaluate(RunBefores.java:28) [junit-4.10.jar:na]
				at org.junit.internal.runners.statements.RunAfters.evaluate(RunAfters.java:30) [junit-4.10.jar:na]
				at org.junit.runners.ParentRunner.runLeaf(ParentRunner.java:263) [junit-4.10.jar:na]
				at org.junit.runners.BlockJUnit4ClassRunner.runChild(BlockJUnit4ClassRunner.java:68) [junit-4.10.jar:na]
				at org.junit.runners.BlockJUnit4ClassRunner.runChild(BlockJUnit4ClassRunner.java:47) [junit-4.10.jar:na]
				at org.junit.runners.ParentRunner$3.run(ParentRunner.java:231) [junit-4.10.jar:na]
				at org.junit.runners.ParentRunner$1.schedule(ParentRunner.java:60) [junit-4.10.jar:na]
				at org.junit.runners.ParentRunner.runChildren(ParentRunner.java:229) [junit-4.10.jar:na]
				at org.junit.runners.ParentRunner.access$000(ParentRunner.java:50) [junit-4.10.jar:na]
				at org.junit.runners.ParentRunner$2.evaluate(ParentRunner.java:222) [junit-4.10.jar:na]
				at org.junit.runners.ParentRunner.run(ParentRunner.java:300) [junit-4.10.jar:na]
				at org.junit.runner.JUnitCore.run(JUnitCore.java:157) [junit-4.10.jar:na]
				at com.intellij.junit4.JUnit4IdeaTestRunner.startRunnerWithArgs(JUnit4IdeaTestRunner.java:117) [junit-rt.jar:na]
				at com.intellij.junit4.JUnit4IdeaTestRunner.startRunnerWithArgs(JUnit4IdeaTestRunner.java:42) [junit-rt.jar:na]
				at com.intellij.rt.execution.junit.JUnitStarter.prepareStreamsAndStart(JUnitStarter.java:253) [junit-rt.jar:na]
				at com.intellij.rt.execution.junit.JUnitStarter.main(JUnitStarter.java:84) [junit-rt.jar:na]
				at sun.reflect.NativeMethodAccessorImpl.invoke0(Native Method) ~[na:1.8.0_45]
				at sun.reflect.NativeMethodAccessorImpl.invoke(NativeMethodAccessorImpl.java:62) ~[na:1.8.0_45]
				at sun.reflect.DelegatingMethodAccessorImpl.invoke(DelegatingMethodAccessorImpl.java:43) ~[na:1.8.0_45]
				at java.lang.reflect.Method.invoke(Method.java:497) ~[na:1.8.0_45]
				at com.intellij.rt.execution.application.AppMain.main(AppMain.java:147) [idea_rt.jar:na]
21:37:33.844 [main] ERROR api.v1.category.AddCategory - Could not remove this category from the categoryRepository. 
api.v1.error.BusinessException:  Category not found. ID=-1
				 at api.v1.repo.CategoryRepository.delete(CategoryRepository.java:83) ~[classes/:na]
				 at api.v1.category.AddCategory.cleanUp(AddCategory.java:102) [classes/:na]
				 at api.v1.category.AddCategory.doPost(AddCategory.java:87) [classes/:na]
				 at api.v1.category.AddCategoryTest.doPost(AddCategoryTest.java:151) [test-classes/:na]
				 at sun.reflect.NativeMethodAccessorImpl.invoke0(Native Method) ~[na:1.8.0_45]
				 at sun.reflect.NativeMethodAccessorImpl.invoke(NativeMethodAccessorImpl.java:62) ~[na:1.8.0_45]
				 at sun.reflect.DelegatingMethodAccessorImpl.invoke(DelegatingMethodAccessorImpl.java:43) ~[na:1.8.0_45]
				 at java.lang.reflect.Method.invoke(Method.java:497) ~[na:1.8.0_45]
				 at org.junit.runners.model.FrameworkMethod$1.runReflectiveCall(FrameworkMethod.java:45) [junit-4.10.jar:na]
				 at org.junit.internal.runners.model.ReflectiveCallable.run(ReflectiveCallable.java:15) [junit-4.10.jar:na]
				 at org.junit.runners.model.FrameworkMethod.invokeExplosively(FrameworkMethod.java:42) [junit-4.10.jar:na]
				 at org.junit.internal.runners.statements.InvokeMethod.evaluate(InvokeMethod.java:20) [junit-4.10.jar:na]
				 at org.junit.internal.runners.statements.RunBefores.evaluate(RunBefores.java:28) [junit-4.10.jar:na]
				 at org.junit.internal.runners.statements.RunAfters.evaluate(RunAfters.java:30) [junit-4.10.jar:na]
				 at org.junit.runners.ParentRunner.runLeaf(ParentRunner.java:263) [junit-4.10.jar:na]
				 at org.junit.runners.BlockJUnit4ClassRunner.runChild(BlockJUnit4ClassRunner.java:68) [junit-4.10.jar:na]
				 at org.junit.runners.BlockJUnit4ClassRunner.runChild(BlockJUnit4ClassRunner.java:47) [junit-4.10.jar:na]
				 at org.junit.runners.ParentRunner$3.run(ParentRunner.java:231) [junit-4.10.jar:na]
				 at org.junit.runners.ParentRunner$1.schedule(ParentRunner.java:60) [junit-4.10.jar:na]
				 at org.junit.runners.ParentRunner.runChildren(ParentRunner.java:229) [junit-4.10.jar:na]
				 at org.junit.runners.ParentRunner.access$000(ParentRunner.java:50) [junit-4.10.jar:na]
				 at org.junit.runners.ParentRunner$2.evaluate(ParentRunner.java:222) [junit-4.10.jar:na]
				 at org.junit.runners.ParentRunner.run(ParentRunner.java:300) [junit-4.10.jar:na]
				 at org.junit.runner.JUnitCore.run(JUnitCore.java:157) [junit-4.10.jar:na]
				 at com.intellij.junit4.JUnit4IdeaTestRunner.startRunnerWithArgs(JUnit4IdeaTestRunner.java:117) [junit-rt.jar:na]
				 at com.intellij.junit4.JUnit4IdeaTestRunner.startRunnerWithArgs(JUnit4IdeaTestRunner.java:42) [junit-rt.jar:na]
				 at com.intellij.rt.execution.junit.JUnitStarter.prepareStreamsAndStart(JUnitStarter.java:253) [junit-rt.jar:na]
				 at com.intellij.rt.execution.junit.JUnitStarter.main(JUnitStarter.java:84) [junit-rt.jar:na]
				 at sun.reflect.NativeMethodAccessorImpl.invoke0(Native Method) ~[na:1.8.0_45]
				 at sun.reflect.NativeMethodAccessorImpl.invoke(NativeMethodAccessorImpl.java:62) ~[na:1.8.0_45]
				 at sun.reflect.DelegatingMethodAccessorImpl.invoke(DelegatingMethodAccessorImpl.java:43) ~[na:1.8.0_45]
				 at java.lang.reflect.Method.invoke(Method.java:497) ~[na:1.8.0_45]
				 at com.intellij.rt.execution.application.AppMain.main(AppMain.java:147) [idea_rt.jar:na]
21:37:33.851 [main] INFO  api.v1.UnitTestHelper - response={"error":{"msg":"Error. This schedule cannot be accessed by the specified user.  {id: 0, email: mikehedden@gmail.com}","code":1010}}

21:37:33.859 [main] INFO  api.v1.UnitTestHelper - Response contained the error: code=1010, msg=Error. This schedule cannot be accessed by the specified user.  {id: 0, email: mikehedden@gmail.com}
21:37:33.859 [main] INFO  api.v1.BaseRequestHandler - This is the JSON reqest: {"name":"          ","description":"This category has no name.","id":"1","taskIds":"[2,3]","scheduleIds":"[]","userId":"0"}
21:37:33.860 [main] ERROR api.v1.category.AddCategory - An error occurred while handling an AddCategory  Request: {"name":"          ","description":"This category has no name.","id":"1","taskIds":"[2,3]","scheduleIds":"[]","userId":"0"}.
api.v1.error.BusinessException: The Category name cannot be empty.
				at api.v1.model.Category.setName(Category.java:39) ~[classes/:na]
				at api.v1.category.AddCategory.doPost(AddCategory.java:49) ~[classes/:na]
				at api.v1.category.AddCategoryTest.doPost(AddCategoryTest.java:151) [test-classes/:na]
				at sun.reflect.NativeMethodAccessorImpl.invoke0(Native Method) ~[na:1.8.0_45]
				at sun.reflect.NativeMethodAccessorImpl.invoke(NativeMethodAccessorImpl.java:62) ~[na:1.8.0_45]
				at sun.reflect.DelegatingMethodAccessorImpl.invoke(DelegatingMethodAccessorImpl.java:43) ~[na:1.8.0_45]
				at java.lang.reflect.Method.invoke(Method.java:497) ~[na:1.8.0_45]
				at org.junit.runners.model.FrameworkMethod$1.runReflectiveCall(FrameworkMethod.java:45) [junit-4.10.jar:na]
				at org.junit.internal.runners.model.ReflectiveCallable.run(ReflectiveCallable.java:15) [junit-4.10.jar:na]
				at org.junit.runners.model.FrameworkMethod.invokeExplosively(FrameworkMethod.java:42) [junit-4.10.jar:na]
				at org.junit.internal.runners.statements.InvokeMethod.evaluate(InvokeMethod.java:20) [junit-4.10.jar:na]
				at org.junit.internal.runners.statements.RunBefores.evaluate(RunBefores.java:28) [junit-4.10.jar:na]
				at org.junit.internal.runners.statements.RunAfters.evaluate(RunAfters.java:30) [junit-4.10.jar:na]
				at org.junit.runners.ParentRunner.runLeaf(ParentRunner.java:263) [junit-4.10.jar:na]
				at org.junit.runners.BlockJUnit4ClassRunner.runChild(BlockJUnit4ClassRunner.java:68) [junit-4.10.jar:na]
				at org.junit.runners.BlockJUnit4ClassRunner.runChild(BlockJUnit4ClassRunner.java:47) [junit-4.10.jar:na]
				at org.junit.runners.ParentRunner$3.run(ParentRunner.java:231) [junit-4.10.jar:na]
				at org.junit.runners.ParentRunner$1.schedule(ParentRunner.java:60) [junit-4.10.jar:na]
				at org.junit.runners.ParentRunner.runChildren(ParentRunner.java:229) [junit-4.10.jar:na]
				at org.junit.runners.ParentRunner.access$000(ParentRunner.java:50) [junit-4.10.jar:na]
				at org.junit.runners.ParentRunner$2.evaluate(ParentRunner.java:222) [junit-4.10.jar:na]
				at org.junit.runners.ParentRunner.run(ParentRunner.java:300) [junit-4.10.jar:na]
				at org.junit.runner.JUnitCore.run(JUnitCore.java:157) [junit-4.10.jar:na]
				at com.intellij.junit4.JUnit4IdeaTestRunner.startRunnerWithArgs(JUnit4IdeaTestRunner.java:117) [junit-rt.jar:na]
				at com.intellij.junit4.JUnit4IdeaTestRunner.startRunnerWithArgs(JUnit4IdeaTestRunner.java:42) [junit-rt.jar:na]
				at com.intellij.rt.execution.junit.JUnitStarter.prepareStreamsAndStart(JUnitStarter.java:253) [junit-rt.jar:na]
				at com.intellij.rt.execution.junit.JUnitStarter.main(JUnitStarter.java:84) [junit-rt.jar:na]
				at sun.reflect.NativeMethodAccessorImpl.invoke0(Native Method) ~[na:1.8.0_45]
				at sun.reflect.NativeMethodAccessorImpl.invoke(NativeMethodAccessorImpl.java:62) ~[na:1.8.0_45]
				at sun.reflect.DelegatingMethodAccessorImpl.invoke(DelegatingMethodAccessorImpl.java:43) ~[na:1.8.0_45]
				at java.lang.reflect.Method.invoke(Method.java:497) ~[na:1.8.0_45]
				at com.intellij.rt.execution.application.AppMain.main(AppMain.java:147) [idea_rt.jar:na]
21:37:33.862 [main] ERROR api.v1.category.AddCategory - Could not remove this category from the categoryRepository. 
api.v1.error.BusinessException:  Category not found. ID=-1
				 at api.v1.repo.CategoryRepository.delete(CategoryRepository.java:83) ~[classes/:na]
				 at api.v1.category.AddCategory.cleanUp(AddCategory.java:102) [classes/:na]
				 at api.v1.category.AddCategory.doPost(AddCategory.java:87) [classes/:na]
				 at api.v1.category.AddCategoryTest.doPost(AddCategoryTest.java:151) [test-classes/:na]
				 at sun.reflect.NativeMethodAccessorImpl.invoke0(Native Method) ~[na:1.8.0_45]
				 at sun.reflect.NativeMethodAccessorImpl.invoke(NativeMethodAccessorImpl.java:62) ~[na:1.8.0_45]
				 at sun.reflect.DelegatingMethodAccessorImpl.invoke(DelegatingMethodAccessorImpl.java:43) ~[na:1.8.0_45]
				 at java.lang.reflect.Method.invoke(Method.java:497) ~[na:1.8.0_45]
				 at org.junit.runners.model.FrameworkMethod$1.runReflectiveCall(FrameworkMethod.java:45) [junit-4.10.jar:na]
				 at org.junit.internal.runners.model.ReflectiveCallable.run(ReflectiveCallable.java:15) [junit-4.10.jar:na]
				 at org.junit.runners.model.FrameworkMethod.invokeExplosively(FrameworkMethod.java:42) [junit-4.10.jar:na]
				 at org.junit.internal.runners.statements.InvokeMethod.evaluate(InvokeMethod.java:20) [junit-4.10.jar:na]
				 at org.junit.internal.runners.statements.RunBefores.evaluate(RunBefores.java:28) [junit-4.10.jar:na]
				 at org.junit.internal.runners.statements.RunAfters.evaluate(RunAfters.java:30) [junit-4.10.jar:na]
				 at org.junit.runners.ParentRunner.runLeaf(ParentRunner.java:263) [junit-4.10.jar:na]
				 at org.junit.runners.BlockJUnit4ClassRunner.runChild(BlockJUnit4ClassRunner.java:68) [junit-4.10.jar:na]
				 at org.junit.runners.BlockJUnit4ClassRunner.runChild(BlockJUnit4ClassRunner.java:47) [junit-4.10.jar:na]
				 at org.junit.runners.ParentRunner$3.run(ParentRunner.java:231) [junit-4.10.jar:na]
				 at org.junit.runners.ParentRunner$1.schedule(ParentRunner.java:60) [junit-4.10.jar:na]
				 at org.junit.runners.ParentRunner.runChildren(ParentRunner.java:229) [junit-4.10.jar:na]
				 at org.junit.runners.ParentRunner.access$000(ParentRunner.java:50) [junit-4.10.jar:na]
				 at org.junit.runners.ParentRunner$2.evaluate(ParentRunner.java:222) [junit-4.10.jar:na]
				 at org.junit.runners.ParentRunner.run(ParentRunner.java:300) [junit-4.10.jar:na]
				 at org.junit.runner.JUnitCore.run(JUnitCore.java:157) [junit-4.10.jar:na]
				 at com.intellij.junit4.JUnit4IdeaTestRunner.startRunnerWithArgs(JUnit4IdeaTestRunner.java:117) [junit-rt.jar:na]
				 at com.intellij.junit4.JUnit4IdeaTestRunner.startRunnerWithArgs(JUnit4IdeaTestRunner.java:42) [junit-rt.jar:na]
				 at com.intellij.rt.execution.junit.JUnitStarter.prepareStreamsAndStart(JUnitStarter.java:253) [junit-rt.jar:na]
				 at com.intellij.rt.execution.junit.JUnitStarter.main(JUnitStarter.java:84) [junit-rt.jar:na]
				 at sun.reflect.NativeMethodAccessorImpl.invoke0(Native Method) ~[na:1.8.0_45]
				 at sun.reflect.NativeMethodAccessorImpl.invoke(NativeMethodAccessorImpl.java:62) ~[na:1.8.0_45]
				 at sun.reflect.DelegatingMethodAccessorImpl.invoke(DelegatingMethodAccessorImpl.java:43) ~[na:1.8.0_45]
				 at java.lang.reflect.Method.invoke(Method.java:497) ~[na:1.8.0_45]
				 at com.intellij.rt.execution.application.AppMain.main(AppMain.java:147) [idea_rt.jar:na]
21:37:33.866 [main] INFO  api.v1.UnitTestHelper - response={"error":{"msg":"Error. The Category name cannot be empty.","code":1160}}

21:37:33.866 [main] INFO  api.v1.UnitTestHelper - Response contained the error: code=1160, msg=Error. The Category name cannot be empty.
21:37:33.866 [main] INFO  api.v1.BaseRequestHandler - This is the JSON reqest: {"name":"MH recreation","description":"This Category points to tasks that do not exist.","id":"2","taskIds":"[2000,-3]","scheduleIds":"[]","userId":"0"}
21:37:33.867 [main] ERROR api.v1.category.AddCategory - An error occurred while handling an AddCategory  Request: {"name":"MH recreation","description":"This Category points to tasks that do not exist.","id":"2","taskIds":"[2000,-3]","scheduleIds":"[]","userId":"0"}.
api.v1.error.BusinessException:  Task not found. 
				 at api.v1.repo.TaskRepository.get(TaskRepository.java:56) ~[classes/:na]
				 at api.v1.AuthRequestHandler.verifyTaskPrivileges(AuthRequestHandler.java:112) ~[classes/:na]
				 at api.v1.category.AddCategory.doPost(AddCategory.java:56) ~[classes/:na]
				 at api.v1.category.AddCategoryTest.doPost(AddCategoryTest.java:151) [test-classes/:na]
				 at sun.reflect.NativeMethodAccessorImpl.invoke0(Native Method) ~[na:1.8.0_45]
				 at sun.reflect.NativeMethodAccessorImpl.invoke(NativeMethodAccessorImpl.java:62) ~[na:1.8.0_45]
				 at sun.reflect.DelegatingMethodAccessorImpl.invoke(DelegatingMethodAccessorImpl.java:43) ~[na:1.8.0_45]
				 at java.lang.reflect.Method.invoke(Method.java:497) ~[na:1.8.0_45]
				 at org.junit.runners.model.FrameworkMethod$1.runReflectiveCall(FrameworkMethod.java:45) [junit-4.10.jar:na]
				 at org.junit.internal.runners.model.ReflectiveCallable.run(ReflectiveCallable.java:15) [junit-4.10.jar:na]
				 at org.junit.runners.model.FrameworkMethod.invokeExplosively(FrameworkMethod.java:42) [junit-4.10.jar:na]
				 at org.junit.internal.runners.statements.InvokeMethod.evaluate(InvokeMethod.java:20) [junit-4.10.jar:na]
				 at org.junit.internal.runners.statements.RunBefores.evaluate(RunBefores.java:28) [junit-4.10.jar:na]
				 at org.junit.internal.runners.statements.RunAfters.evaluate(RunAfters.java:30) [junit-4.10.jar:na]
				 at org.junit.runners.ParentRunner.runLeaf(ParentRunner.java:263) [junit-4.10.jar:na]
				 at org.junit.runners.BlockJUnit4ClassRunner.runChild(BlockJUnit4ClassRunner.java:68) [junit-4.10.jar:na]
				 at org.junit.runners.BlockJUnit4ClassRunner.runChild(BlockJUnit4ClassRunner.java:47) [junit-4.10.jar:na]
				 at org.junit.runners.ParentRunner$3.run(ParentRunner.java:231) [junit-4.10.jar:na]
				 at org.junit.runners.ParentRunner$1.schedule(ParentRunner.java:60) [junit-4.10.jar:na]
				 at org.junit.runners.ParentRunner.runChildren(ParentRunner.java:229) [junit-4.10.jar:na]
				 at org.junit.runners.ParentRunner.access$000(ParentRunner.java:50) [junit-4.10.jar:na]
				 at org.junit.runners.ParentRunner$2.evaluate(ParentRunner.java:222) [junit-4.10.jar:na]
				 at org.junit.runners.ParentRunner.run(ParentRunner.java:300) [junit-4.10.jar:na]
				 at org.junit.runner.JUnitCore.run(JUnitCore.java:157) [junit-4.10.jar:na]
				 at com.intellij.junit4.JUnit4IdeaTestRunner.startRunnerWithArgs(JUnit4IdeaTestRunner.java:117) [junit-rt.jar:na]
				 at com.intellij.junit4.JUnit4IdeaTestRunner.startRunnerWithArgs(JUnit4IdeaTestRunner.java:42) [junit-rt.jar:na]
				 at com.intellij.rt.execution.junit.JUnitStarter.prepareStreamsAndStart(JUnitStarter.java:253) [junit-rt.jar:na]
				 at com.intellij.rt.execution.junit.JUnitStarter.main(JUnitStarter.java:84) [junit-rt.jar:na]
				 at sun.reflect.NativeMethodAccessorImpl.invoke0(Native Method) ~[na:1.8.0_45]
				 at sun.reflect.NativeMethodAccessorImpl.invoke(NativeMethodAccessorImpl.java:62) ~[na:1.8.0_45]
				 at sun.reflect.DelegatingMethodAccessorImpl.invoke(DelegatingMethodAccessorImpl.java:43) ~[na:1.8.0_45]
				 at java.lang.reflect.Method.invoke(Method.java:497) ~[na:1.8.0_45]
				 at com.intellij.rt.execution.application.AppMain.main(AppMain.java:147) [idea_rt.jar:na]
21:37:33.891 [main] ERROR api.v1.category.AddCategory - Could not remove this category from the categoryRepository. 
api.v1.error.BusinessException:  Category not found. ID=-1
				 at api.v1.repo.CategoryRepository.delete(CategoryRepository.java:83) ~[classes/:na]
				 at api.v1.category.AddCategory.cleanUp(AddCategory.java:102) [classes/:na]
				 at api.v1.category.AddCategory.doPost(AddCategory.java:87) [classes/:na]
				 at api.v1.category.AddCategoryTest.doPost(AddCategoryTest.java:151) [test-classes/:na]
				 at sun.reflect.NativeMethodAccessorImpl.invoke0(Native Method) ~[na:1.8.0_45]
				 at sun.reflect.NativeMethodAccessorImpl.invoke(NativeMethodAccessorImpl.java:62) ~[na:1.8.0_45]
				 at sun.reflect.DelegatingMethodAccessorImpl.invoke(DelegatingMethodAccessorImpl.java:43) ~[na:1.8.0_45]
				 at java.lang.reflect.Method.invoke(Method.java:497) ~[na:1.8.0_45]
				 at org.junit.runners.model.FrameworkMethod$1.runReflectiveCall(FrameworkMethod.java:45) [junit-4.10.jar:na]
				 at org.junit.internal.runners.model.ReflectiveCallable.run(ReflectiveCallable.java:15) [junit-4.10.jar:na]
				 at org.junit.runners.model.FrameworkMethod.invokeExplosively(FrameworkMethod.java:42) [junit-4.10.jar:na]
				 at org.junit.internal.runners.statements.InvokeMethod.evaluate(InvokeMethod.java:20) [junit-4.10.jar:na]
				 at org.junit.internal.runners.statements.RunBefores.evaluate(RunBefores.java:28) [junit-4.10.jar:na]
				 at org.junit.internal.runners.statements.RunAfters.evaluate(RunAfters.java:30) [junit-4.10.jar:na]
				 at org.junit.runners.ParentRunner.runLeaf(ParentRunner.java:263) [junit-4.10.jar:na]
				 at org.junit.runners.BlockJUnit4ClassRunner.runChild(BlockJUnit4ClassRunner.java:68) [junit-4.10.jar:na]
				 at org.junit.runners.BlockJUnit4ClassRunner.runChild(BlockJUnit4ClassRunner.java:47) [junit-4.10.jar:na]
				 at org.junit.runners.ParentRunner$3.run(ParentRunner.java:231) [junit-4.10.jar:na]
				 at org.junit.runners.ParentRunner$1.schedule(ParentRunner.java:60) [junit-4.10.jar:na]
				 at org.junit.runners.ParentRunner.runChildren(ParentRunner.java:229) [junit-4.10.jar:na]
				 at org.junit.runners.ParentRunner.access$000(ParentRunner.java:50) [junit-4.10.jar:na]
				 at org.junit.runners.ParentRunner$2.evaluate(ParentRunner.java:222) [junit-4.10.jar:na]
				 at org.junit.runners.ParentRunner.run(ParentRunner.java:300) [junit-4.10.jar:na]
				 at org.junit.runner.JUnitCore.run(JUnitCore.java:157) [junit-4.10.jar:na]
				 at com.intellij.junit4.JUnit4IdeaTestRunner.startRunnerWithArgs(JUnit4IdeaTestRunner.java:117) [junit-rt.jar:na]
				 at com.intellij.junit4.JUnit4IdeaTestRunner.startRunnerWithArgs(JUnit4IdeaTestRunner.java:42) [junit-rt.jar:na]
				 at com.intellij.rt.execution.junit.JUnitStarter.prepareStreamsAndStart(JUnitStarter.java:253) [junit-rt.jar:na]
				 at com.intellij.rt.execution.junit.JUnitStarter.main(JUnitStarter.java:84) [junit-rt.jar:na]
				 at sun.reflect.NativeMethodAccessorImpl.invoke0(Native Method) ~[na:1.8.0_45]
				 at sun.reflect.NativeMethodAccessorImpl.invoke(NativeMethodAccessorImpl.java:62) ~[na:1.8.0_45]
				 at sun.reflect.DelegatingMethodAccessorImpl.invoke(DelegatingMethodAccessorImpl.java:43) ~[na:1.8.0_45]
				 at java.lang.reflect.Method.invoke(Method.java:497) ~[na:1.8.0_45]
				 at com.intellij.rt.execution.application.AppMain.main(AppMain.java:147) [idea_rt.jar:na]
21:37:33.896 [main] INFO  api.v1.UnitTestHelper - response={"error":{"msg":"Error.  Task not found. ","code":1200}}

21:37:33.897 [main] INFO  api.v1.UnitTestHelper - Response contained the error: code=1200, msg=Error.  Task not found. 
21:37:33.897 [main] INFO  api.v1.BaseRequestHandler - This is the JSON reqest: {"name":"MH recreation","description":"This Category points to tasks that do not exist.","id":"2","taskIds":"[-3,2000]","scheduleIds":"[]","userId":"0"}
21:37:33.907 [main] ERROR api.v1.category.AddCategory - An error occurred while handling an AddCategory  Request: {"name":"MH recreation","description":"This Category points to tasks that do not exist.","id":"2","taskIds":"[-3,2000]","scheduleIds":"[]","userId":"0"}.
api.v1.error.BusinessException:  Task not found. 
				 at api.v1.repo.TaskRepository.get(TaskRepository.java:56) ~[classes/:na]
				 at api.v1.AuthRequestHandler.verifyTaskPrivileges(AuthRequestHandler.java:112) ~[classes/:na]
				 at api.v1.category.AddCategory.doPost(AddCategory.java:56) ~[classes/:na]
				 at api.v1.category.AddCategoryTest.doPost(AddCategoryTest.java:151) [test-classes/:na]
				 at sun.reflect.NativeMethodAccessorImpl.invoke0(Native Method) ~[na:1.8.0_45]
				 at sun.reflect.NativeMethodAccessorImpl.invoke(NativeMethodAccessorImpl.java:62) ~[na:1.8.0_45]
				 at sun.reflect.DelegatingMethodAccessorImpl.invoke(DelegatingMethodAccessorImpl.java:43) ~[na:1.8.0_45]
				 at java.lang.reflect.Method.invoke(Method.java:497) ~[na:1.8.0_45]
				 at org.junit.runners.model.FrameworkMethod$1.runReflectiveCall(FrameworkMethod.java:45) [junit-4.10.jar:na]
				 at org.junit.internal.runners.model.ReflectiveCallable.run(ReflectiveCallable.java:15) [junit-4.10.jar:na]
				 at org.junit.runners.model.FrameworkMethod.invokeExplosively(FrameworkMethod.java:42) [junit-4.10.jar:na]
				 at org.junit.internal.runners.statements.InvokeMethod.evaluate(InvokeMethod.java:20) [junit-4.10.jar:na]
				 at org.junit.internal.runners.statements.RunBefores.evaluate(RunBefores.java:28) [junit-4.10.jar:na]
				 at org.junit.internal.runners.statements.RunAfters.evaluate(RunAfters.java:30) [junit-4.10.jar:na]
				 at org.junit.runners.ParentRunner.runLeaf(ParentRunner.java:263) [junit-4.10.jar:na]
				 at org.junit.runners.BlockJUnit4ClassRunner.runChild(BlockJUnit4ClassRunner.java:68) [junit-4.10.jar:na]
				 at org.junit.runners.BlockJUnit4ClassRunner.runChild(BlockJUnit4ClassRunner.java:47) [junit-4.10.jar:na]
				 at org.junit.runners.ParentRunner$3.run(ParentRunner.java:231) [junit-4.10.jar:na]
				 at org.junit.runners.ParentRunner$1.schedule(ParentRunner.java:60) [junit-4.10.jar:na]
				 at org.junit.runners.ParentRunner.runChildren(ParentRunner.java:229) [junit-4.10.jar:na]
				 at org.junit.runners.ParentRunner.access$000(ParentRunner.java:50) [junit-4.10.jar:na]
				 at org.junit.runners.ParentRunner$2.evaluate(ParentRunner.java:222) [junit-4.10.jar:na]
				 at org.junit.runners.ParentRunner.run(ParentRunner.java:300) [junit-4.10.jar:na]
				 at org.junit.runner.JUnitCore.run(JUnitCore.java:157) [junit-4.10.jar:na]
				 at com.intellij.junit4.JUnit4IdeaTestRunner.startRunnerWithArgs(JUnit4IdeaTestRunner.java:117) [junit-rt.jar:na]
				 at com.intellij.junit4.JUnit4IdeaTestRunner.startRunnerWithArgs(JUnit4IdeaTestRunner.java:42) [junit-rt.jar:na]
				 at com.intellij.rt.execution.junit.JUnitStarter.prepareStreamsAndStart(JUnitStarter.java:253) [junit-rt.jar:na]
				 at com.intellij.rt.execution.junit.JUnitStarter.main(JUnitStarter.java:84) [junit-rt.jar:na]
				 at sun.reflect.NativeMethodAccessorImpl.invoke0(Native Method) ~[na:1.8.0_45]
				 at sun.reflect.NativeMethodAccessorImpl.invoke(NativeMethodAccessorImpl.java:62) ~[na:1.8.0_45]
				 at sun.reflect.DelegatingMethodAccessorImpl.invoke(DelegatingMethodAccessorImpl.java:43) ~[na:1.8.0_45]
				 at java.lang.reflect.Method.invoke(Method.java:497) ~[na:1.8.0_45]
				 at com.intellij.rt.execution.application.AppMain.main(AppMain.java:147) [idea_rt.jar:na]
21:37:33.908 [main] ERROR api.v1.category.AddCategory - Could not remove this category from the categoryRepository. 
api.v1.error.BusinessException:  Category not found. ID=-1
				 at api.v1.repo.CategoryRepository.delete(CategoryRepository.java:83) ~[classes/:na]
				 at api.v1.category.AddCategory.cleanUp(AddCategory.java:102) [classes/:na]
				 at api.v1.category.AddCategory.doPost(AddCategory.java:87) [classes/:na]
				 at api.v1.category.AddCategoryTest.doPost(AddCategoryTest.java:151) [test-classes/:na]
				 at sun.reflect.NativeMethodAccessorImpl.invoke0(Native Method) ~[na:1.8.0_45]
				 at sun.reflect.NativeMethodAccessorImpl.invoke(NativeMethodAccessorImpl.java:62) ~[na:1.8.0_45]
				 at sun.reflect.DelegatingMethodAccessorImpl.invoke(DelegatingMethodAccessorImpl.java:43) ~[na:1.8.0_45]
				 at java.lang.reflect.Method.invoke(Method.java:497) ~[na:1.8.0_45]
				 at org.junit.runners.model.FrameworkMethod$1.runReflectiveCall(FrameworkMethod.java:45) [junit-4.10.jar:na]
				 at org.junit.internal.runners.model.ReflectiveCallable.run(ReflectiveCallable.java:15) [junit-4.10.jar:na]
				 at org.junit.runners.model.FrameworkMethod.invokeExplosively(FrameworkMethod.java:42) [junit-4.10.jar:na]
				 at org.junit.internal.runners.statements.InvokeMethod.evaluate(InvokeMethod.java:20) [junit-4.10.jar:na]
				 at org.junit.internal.runners.statements.RunBefores.evaluate(RunBefores.java:28) [junit-4.10.jar:na]
				 at org.junit.internal.runners.statements.RunAfters.evaluate(RunAfters.java:30) [junit-4.10.jar:na]
				 at org.junit.runners.ParentRunner.runLeaf(ParentRunner.java:263) [junit-4.10.jar:na]
				 at org.junit.runners.BlockJUnit4ClassRunner.runChild(BlockJUnit4ClassRunner.java:68) [junit-4.10.jar:na]
				 at org.junit.runners.BlockJUnit4ClassRunner.runChild(BlockJUnit4ClassRunner.java:47) [junit-4.10.jar:na]
				 at org.junit.runners.ParentRunner$3.run(ParentRunner.java:231) [junit-4.10.jar:na]
				 at org.junit.runners.ParentRunner$1.schedule(ParentRunner.java:60) [junit-4.10.jar:na]
				 at org.junit.runners.ParentRunner.runChildren(ParentRunner.java:229) [junit-4.10.jar:na]
				 at org.junit.runners.ParentRunner.access$000(ParentRunner.java:50) [junit-4.10.jar:na]
				 at org.junit.runners.ParentRunner$2.evaluate(ParentRunner.java:222) [junit-4.10.jar:na]
				 at org.junit.runners.ParentRunner.run(ParentRunner.java:300) [junit-4.10.jar:na]
				 at org.junit.runner.JUnitCore.run(JUnitCore.java:157) [junit-4.10.jar:na]
				 at com.intellij.junit4.JUnit4IdeaTestRunner.startRunnerWithArgs(JUnit4IdeaTestRunner.java:117) [junit-rt.jar:na]
				 at com.intellij.junit4.JUnit4IdeaTestRunner.startRunnerWithArgs(JUnit4IdeaTestRunner.java:42) [junit-rt.jar:na]
				 at com.intellij.rt.execution.junit.JUnitStarter.prepareStreamsAndStart(JUnitStarter.java:253) [junit-rt.jar:na]
				 at com.intellij.rt.execution.junit.JUnitStarter.main(JUnitStarter.java:84) [junit-rt.jar:na]
				 at sun.reflect.NativeMethodAccessorImpl.invoke0(Native Method) ~[na:1.8.0_45]
				 at sun.reflect.NativeMethodAccessorImpl.invoke(NativeMethodAccessorImpl.java:62) ~[na:1.8.0_45]
				 at sun.reflect.DelegatingMethodAccessorImpl.invoke(DelegatingMethodAccessorImpl.java:43) ~[na:1.8.0_45]
				 at java.lang.reflect.Method.invoke(Method.java:497) ~[na:1.8.0_45]
				 at com.intellij.rt.execution.application.AppMain.main(AppMain.java:147) [idea_rt.jar:na]
21:37:33.908 [main] INFO  api.v1.UnitTestHelper - response={"error":{"msg":"Error.  Task not found. ","code":1200}}

21:37:33.909 [main] INFO  api.v1.UnitTestHelper - Response contained the error: code=1200, msg=Error.  Task not found. 
21:37:33.909 [main] INFO  api.v1.category.AddCategoryTest - Verifying categories were placed in the repository...
21:37:33.915 [main] INFO  api.v1.category.AddCategoryTest - {"id":0,"userId":0,"name":"Mikes work","description":"This is for all of the work Mike does","taskIds":[0,1],"scheduleIds":[0,1,2]}
21:37:33.921 [main] INFO  api.v1.category.AddCategoryTest - {"id":1,"userId":0,"name":"Mikes home","description":"This is for all of the chores Mike never does","taskIds":[2,3]}
21:37:33.926 [main] INFO  api.v1.category.AddCategoryTest - {"id":2,"userId":0,"name":"Mikes play","description":"This is for Mike\u0027s recreational stuff","taskIds":[2,3]}
21:37:33.928 [main] INFO  api.v1.category.AddCategoryTest - {"id":3,"userId":1,"name":"Ken\u0027s work","description":"This is for all of the work Ken never does.","taskIds":[4,5],"scheduleIds":[3,4,5]}
21:37:33.929 [main] INFO  api.v1.category.AddCategoryTest - {"id":4,"userId":1,"name":"ken\u0027s home","description":"This is for all of the chores Ken does.","taskIds":[6,7]}
21:37:33.930 [main] INFO  api.v1.category.AddCategoryTest - {"id":5,"userId":1,"name":"Ken\u0027s play","description":"This is for the recreational stuff Ken does.","taskIds":[6,7]}
21:37:33.962 [main] INFO  api.v1.UnitTestHelper - All repositories cleaned successfully.

Process finished with exit code 0
