api.v1.UnitTestHelper - Created request {"categoryIds":[],"endDate":"2016-06-28T19:00:00.123Z","repeatType":"DAILY","id":-1,"taskIds":[0,1],"userId":0,"startDate":"2016-06-28T18:00:00.123Z"}
api.v1.UnitTestHelper - Created request {"categoryIds":[],"endDate":"2016-06-28T19:00:00.123Z","repeatType":"DAILY ","id":0,"taskIds":[3,2],"userId":0,"startDate":"2016-06-28T18:00:00.123Z"}
api.v1.UnitTestHelper - Created request {"categoryIds":[],"endDate":"2016-06-28T10:00:00.123Z","repeatType":"WEEKLY","id":1,"taskIds":[1,3],"userId":0,"startDate":"2016-07-03T09:00:00.123Z"}
api.v1.UnitTestHelper - Created request {"categoryIds":[],"endDate":"2016-06-28T17:00:00.123Z","repeatType":"DAILY ","id":2,"taskIds":[1,0],"userId":0,"startDate":"2016-06-28T09:00:00.123Z"}
api.v1.UnitTestHelper - Created request {"categoryIds":[],"endDate":"2016-06-28T19:00:00.123Z","repeatType":"WEEKLY","id":3,"taskIds":[5,6],"userId":1,"startDate":"2016-06-30T18:00:00.123Z"}
api.v1.UnitTestHelper - Created request {"categoryIds":[],"endDate":"2016-07-03T15:00:00.123Z","repeatType":"WEEKLY","id":4,"taskIds":[5,6],"userId":1,"startDate":"2016-07-03T16:00:00.123Z"}
api.v1.UnitTestHelper - Created request {"categoryIds":[5],"endDate":"2016-07-01T15:00:00.123Z","repeatType":"WEEKLY","id":5,"taskIds":[4,5],"userId":1,"startDate":"2016-07-03T16:00:00.123Z"}

16:18:54.514 [main] INFO  api.v1.AuthRequestHandler - Here is the user and the categories we are testing the validation of 0 [] 
An error occurred while handling an UpdateSchedule Request:{"categoryIds":[],"endDate":"2016-06-28T19:00:00.123Z","repeatType":"DAILY","id":-1,"taskIds":[0,1],"userId":0,"startDate":"2016-06-28T18:00:00.123Z"}
api.v1.error.BusinessException:  Category not found. ID=-1
				 at api.v1.repo.CategoryRepository.get(CategoryRepository.java:55) ~[classes/:na]
				 at api.v1.AuthRequestHandler.verifyCategoryPrivileges(AuthRequestHandler.java:138) ~[classes/:na]
				 at api.v1.schedule.UpdateSchedule.doPost(UpdateSchedule.java:55) ~[classes/:na]
				 at api.v1.schedule.UpdateScheduleTest.doPost(UpdateScheduleTest.java:156) [test-classes/:na]
				 at sun.reflect.NativeMethodAccessorImpl.invoke0(Native Method) ~[na:1.8.0_45]
				 at sun.reflect.NativeMethodAccessorImpl.invoke(NativeMethodAccessorImpl.java:62) ~[na:1.8.0_45]
				 at sun.reflect.DelegatingMethodAccessorImpl.invoke(DelegatingMethodAccessorImpl.java:43) ~[na:1.8.0_45]
				 at java.lang.reflect.Method.invoke(Method.java:497) ~[na:1.8.0_45]
				 at org.junit.runners.model.FrameworkMethod$1.runReflectiveCall(FrameworkMethod.java:45) [junit-4.10.jar:na]
				 at org.junit.internal.runners.model.ReflectiveCallable.run(ReflectiveCallable.java:15) [junit-4.10.jar:na]
				 at org.junit.runners.model.FrameworkMethod.invokeExplosively(FrameworkMethod.java:42) [junit-4.10.jar:na]
				 at org.junit.internal.runners.statements.InvokeMethod.evaluate(InvokeMethod.java:20) [junit-4.10.jar:na]
				 at org.junit.internal.runners.statements.RunBefores.evaluate(RunBefores.java:28) [junit-4.10.jar:na]
				 at org.junit.internal.runners.statements.RunAfters.evaluate(RunAfters.java:30) [junit-4.10.jar:na]
				 at org.junit.runners.ParentRunner.runLeaf(ParentRunner.java:263) [junit-4.10.jar:na]
				 at org.junit.runners.BlockJUnit4ClassRunner.runChild(BlockJUnit4ClassRunner.java:68) [junit-4.10.jar:na]
				 at org.junit.runners.BlockJUnit4ClassRunner.runChild(BlockJUnit4ClassRunner.java:47) [junit-4.10.jar:na]
				 at org.junit.runners.ParentRunner$3.run(ParentRunner.java:231) [junit-4.10.jar:na]
				 at org.junit.runners.ParentRunner$1.schedule(ParentRunner.java:60) [junit-4.10.jar:na]
				 at org.junit.runners.ParentRunner.runChildren(ParentRunner.java:229) [junit-4.10.jar:na]
				 at org.junit.runners.ParentRunner.access$000(ParentRunner.java:50) [junit-4.10.jar:na]
				 at org.junit.runners.ParentRunner$2.evaluate(ParentRunner.java:222) [junit-4.10.jar:na]
				 at org.junit.runners.ParentRunner.run(ParentRunner.java:300) [junit-4.10.jar:na]
				 at org.junit.runner.JUnitCore.run(JUnitCore.java:157) [junit-4.10.jar:na]
				 at com.intellij.junit4.JUnit4IdeaTestRunner.startRunnerWithArgs(JUnit4IdeaTestRunner.java:117) [junit-rt.jar:na]
				 at com.intellij.junit4.JUnit4IdeaTestRunner.startRunnerWithArgs(JUnit4IdeaTestRunner.java:42) [junit-rt.jar:na]
				 at com.intellij.rt.execution.junit.JUnitStarter.prepareStreamsAndStart(JUnitStarter.java:253) [junit-rt.jar:na]
				 at com.intellij.rt.execution.junit.JUnitStarter.main(JUnitStarter.java:84) [junit-rt.jar:na]
				 at sun.reflect.NativeMethodAccessorImpl.invoke0(Native Method) ~[na:1.8.0_45]
				 at sun.reflect.NativeMethodAccessorImpl.invoke(NativeMethodAccessorImpl.java:62) ~[na:1.8.0_45]
				 at sun.reflect.DelegatingMethodAccessorImpl.invoke(DelegatingMethodAccessorImpl.java:43) ~[na:1.8.0_45]
				 at java.lang.reflect.Method.invoke(Method.java:497) ~[na:1.8.0_45]
				 at com.intellij.rt.execution.application.AppMain.main(AppMain.java:147) [idea_rt.jar:na]
16:18:54.552 [main] INFO  api.v1.UnitTestHelper - response={"error":{"msg":"Error.  Category not found. ID=-1","code":1200}}
16:18:54.565 [main] INFO  api.v1.UnitTestHelper - Response contained the error: code=1200, msg=Error.  Category not found. ID=-1


16:18:54.569 [main] INFO  api.v1.AuthRequestHandler - Here is the user and the categories we are testing the validation of 0 [] 
An error occurred while handling an UpdateSchedule Request: {"categoryIds":[],"endDate":"2016-06-28T19:00:00.123Z","repeatType":"DAILY ","id":0,"taskIds":[3,2],"userId":0,"startDate":"2016-06-28T18:00:00.123Z"}
api.v1.error.BusinessException:  Category not found. ID=-1
				 at api.v1.repo.CategoryRepository.get(CategoryRepository.java:55) ~[classes/:na]
				 at api.v1.AuthRequestHandler.verifyCategoryPrivileges(AuthRequestHandler.java:138) ~[classes/:na]
				 at api.v1.schedule.UpdateSchedule.doPost(UpdateSchedule.java:55) ~[classes/:na]
				 at api.v1.schedule.UpdateScheduleTest.doPost(UpdateScheduleTest.java:162) [test-classes/:na]
				 at sun.reflect.NativeMethodAccessorImpl.invoke0(Native Method) ~[na:1.8.0_45]
				 at sun.reflect.NativeMethodAccessorImpl.invoke(NativeMethodAccessorImpl.java:62) ~[na:1.8.0_45]
				 at sun.reflect.DelegatingMethodAccessorImpl.invoke(DelegatingMethodAccessorImpl.java:43) ~[na:1.8.0_45]
				 at java.lang.reflect.Method.invoke(Method.java:497) ~[na:1.8.0_45]
				 at org.junit.runners.model.FrameworkMethod$1.runReflectiveCall(FrameworkMethod.java:45) [junit-4.10.jar:na]
				 at org.junit.internal.runners.model.ReflectiveCallable.run(ReflectiveCallable.java:15) [junit-4.10.jar:na]
				 at org.junit.runners.model.FrameworkMethod.invokeExplosively(FrameworkMethod.java:42) [junit-4.10.jar:na]
				 at org.junit.internal.runners.statements.InvokeMethod.evaluate(InvokeMethod.java:20) [junit-4.10.jar:na]
				 at org.junit.internal.runners.statements.RunBefores.evaluate(RunBefores.java:28) [junit-4.10.jar:na]
				 at org.junit.internal.runners.statements.RunAfters.evaluate(RunAfters.java:30) [junit-4.10.jar:na]
				 at org.junit.runners.ParentRunner.runLeaf(ParentRunner.java:263) [junit-4.10.jar:na]
				 at org.junit.runners.BlockJUnit4ClassRunner.runChild(BlockJUnit4ClassRunner.java:68) [junit-4.10.jar:na]
				 at org.junit.runners.BlockJUnit4ClassRunner.runChild(BlockJUnit4ClassRunner.java:47) [junit-4.10.jar:na]
				 at org.junit.runners.ParentRunner$3.run(ParentRunner.java:231) [junit-4.10.jar:na]
				 at org.junit.runners.ParentRunner$1.schedule(ParentRunner.java:60) [junit-4.10.jar:na]
				 at org.junit.runners.ParentRunner.runChildren(ParentRunner.java:229) [junit-4.10.jar:na]
				 at org.junit.runners.ParentRunner.access$000(ParentRunner.java:50) [junit-4.10.jar:na]
				 at org.junit.runners.ParentRunner$2.evaluate(ParentRunner.java:222) [junit-4.10.jar:na]
				 at org.junit.runners.ParentRunner.run(ParentRunner.java:300) [junit-4.10.jar:na]
				 at org.junit.runner.JUnitCore.run(JUnitCore.java:157) [junit-4.10.jar:na]
				 at com.intellij.junit4.JUnit4IdeaTestRunner.startRunnerWithArgs(JUnit4IdeaTestRunner.java:117) [junit-rt.jar:na]
				 at com.intellij.junit4.JUnit4IdeaTestRunner.startRunnerWithArgs(JUnit4IdeaTestRunner.java:42) [junit-rt.jar:na]
				 at com.intellij.rt.execution.junit.JUnitStarter.prepareStreamsAndStart(JUnitStarter.java:253) [junit-rt.jar:na]
				 at com.intellij.rt.execution.junit.JUnitStarter.main(JUnitStarter.java:84) [junit-rt.jar:na]
				 at sun.reflect.NativeMethodAccessorImpl.invoke0(Native Method) ~[na:1.8.0_45]
				 at sun.reflect.NativeMethodAccessorImpl.invoke(NativeMethodAccessorImpl.java:62) ~[na:1.8.0_45]
				 at sun.reflect.DelegatingMethodAccessorImpl.invoke(DelegatingMethodAccessorImpl.java:43) ~[na:1.8.0_45]
				 at java.lang.reflect.Method.invoke(Method.java:497) ~[na:1.8.0_45]
				 at com.intellij.rt.execution.application.AppMain.main(AppMain.java:147) [idea_rt.jar:na]
16:18:54.570 [main] INFO  api.v1.UnitTestHelper - response={"error":{"msg":"Error.  Category not found. ID=-1","code":1200}}
16:18:54.571 [main] INFO  api.v1.UnitTestHelper - Response contained the error: code=1200, msg=Error.  Category not found. ID=-1

16:18:54.590 [main] INFO  api.v1.UnitTestHelper - All repositories cleaned successfully.
java.lang.AssertionError: Received an error response on a valid input

			  at org.junit.Assert.fail(Assert.java:93)
			  at api.v1.UnitTestHelper.validateDoPostValidResponse(UnitTestHelper.java:55)
			  at api.v1.schedule.UpdateScheduleTest.doPost(UpdateScheduleTest.java:163)
			  at sun.reflect.NativeMethodAccessorImpl.invoke0(Native Method)
			  at sun.reflect.NativeMethodAccessorImpl.invoke(NativeMethodAccessorImpl.java:62)
			  at sun.reflect.DelegatingMethodAccessorImpl.invoke(DelegatingMethodAccessorImpl.java:43)
			  at java.lang.reflect.Method.invoke(Method.java:497)
			  at org.junit.runners.model.FrameworkMethod$1.runReflectiveCall(FrameworkMethod.java:45)
			  at org.junit.internal.runners.model.ReflectiveCallable.run(ReflectiveCallable.java:15)
			  at org.junit.runners.model.FrameworkMethod.invokeExplosively(FrameworkMethod.java:42)
			  at org.junit.internal.runners.statements.InvokeMethod.evaluate(InvokeMethod.java:20)
			  at org.junit.internal.runners.statements.RunBefores.evaluate(RunBefores.java:28)
			  at org.junit.internal.runners.statements.RunAfters.evaluate(RunAfters.java:30)
			  at org.junit.runners.ParentRunner.runLeaf(ParentRunner.java:263)
			  at org.junit.runners.BlockJUnit4ClassRunner.runChild(BlockJUnit4ClassRunner.java:68)
			  at org.junit.runners.BlockJUnit4ClassRunner.runChild(BlockJUnit4ClassRunner.java:47)
			  at org.junit.runners.ParentRunner$3.run(ParentRunner.java:231)
			  at org.junit.runners.ParentRunner$1.schedule(ParentRunner.java:60)
			  at org.junit.runners.ParentRunner.runChildren(ParentRunner.java:229)
			  at org.junit.runners.ParentRunner.access$000(ParentRunner.java:50)
			  at org.junit.runners.ParentRunner$2.evaluate(ParentRunner.java:222)
			  at org.junit.runners.ParentRunner.run(ParentRunner.java:300)
			  at org.junit.runner.JUnitCore.run(JUnitCore.java:157)
			  at com.intellij.junit4.JUnit4IdeaTestRunner.startRunnerWithArgs(JUnit4IdeaTestRunner.java:117)
			  at com.intellij.junit4.JUnit4IdeaTestRunner.startRunnerWithArgs(JUnit4IdeaTestRunner.java:42)
			  at com.intellij.rt.execution.junit.JUnitStarter.prepareStreamsAndStart(JUnitStarter.java:253)
			  at com.intellij.rt.execution.junit.JUnitStarter.main(JUnitStarter.java:84)
			  at sun.reflect.NativeMethodAccessorImpl.invoke0(Native Method)
			  at sun.reflect.NativeMethodAccessorImpl.invoke(NativeMethodAccessorImpl.java:62)
			  at sun.reflect.DelegatingMethodAccessorImpl.invoke(DelegatingMethodAccessorImpl.java:43)
			  at java.lang.reflect.Method.invoke(Method.java:497)
			  at com.intellij.rt.execution.application.AppMain.main(AppMain.java:147)


Process finished with exit code 255
